#
# A fatal error has been detected by the Java Runtime Environment:
#
#  SIGSEGV (0xb) at pc=0x00007fe039667ad1, pid=26916, tid=26949
#
# JRE version: OpenJDK Runtime Environment (11.0.8+10) (build 11.0.8+10-post-Ubuntu-0ubuntu120.04)
# Java VM: OpenJDK 64-Bit Server VM (11.0.8+10-post-Ubuntu-0ubuntu120.04, mixed mode, tiered, compressed oops, g1 gc, linux-amd64)
# Problematic frame:
# V  [libjvm.so+0x7f5ad1]
#
# Core dump will be written. Default location: Core dumps may be processed with "/usr/share/apport/apport %p %s %c %d %P %E" (or dumping to /home/james/NetBeansProjects/hospitalJames/core.26916)
#
# If you would like to submit a bug report, please visit:
#   https://bugs.launchpad.net/ubuntu/+source/openjdk-lts
#

---------------  S U M M A R Y ------------

Command Line: -Dclassworlds.conf=/snap/netbeans/35/netbeans/java/maven/bin/m2.conf -Dmaven.home=/snap/netbeans/35/netbeans/java/maven -Dlibrary.jansi.path=/snap/netbeans/35/netbeans/java/maven/lib/jansi-native -Dmaven.multiModuleProjectDirectory=/home/james/NetBeansProjects/hospitalJames org.codehaus.plexus.classworlds.launcher.Launcher -Dmaven.ext.class.path=/snap/netbeans/35/netbeans/java/maven-nblib/netbeans-eventspy.jar clean install

Host: Intel(R) Core(TM) i5-7200U CPU @ 2.50GHz, 4 cores, 11G, Ubuntu 20.04.1 LTS
Time: Tue Oct  6 01:09:59 2020 EDT elapsed time: 1 seconds (0d 0h 0m 1s)

---------------  T H R E A D  ---------------

Current thread (0x00007fdfec0c7800):  JavaThread "C2 CompilerThread1" daemon [_thread_in_native, id=26949, stack(0x00007fe0096f7000,0x00007fe0097f8000)]


Current CompileTask:
C2:   1976 1885   !   4       java.net.URL::<init> (543 bytes)

Stack: [0x00007fe0096f7000,0x00007fe0097f8000],  sp=0x00007fe0097f3550,  free space=1009k
Native frames: (J=compiled Java code, A=aot compiled Java code, j=interpreted, Vv=VM code, C=native code)
V  [libjvm.so+0x7f5ad1]
V  [libjvm.so+0x7ea4de]
V  [libjvm.so+0x52a185]
V  [libjvm.so+0x5d9fd5]
V  [libjvm.so+0x5ddac7]
V  [libjvm.so+0x505eef]
V  [libjvm.so+0x5e64c1]
V  [libjvm.so+0x5e7698]
V  [libjvm.so+0xd22dcf]
V  [libjvm.so+0xd1f430]
V  [libjvm.so+0xb8f706]


siginfo: si_signo: 11 (SIGSEGV), si_code: 128 (SI_KERNEL), si_addr: 0x0000000000000000

Register to memory mapping:

RAX=0x00887fe039fb4c80 is an unknown value
RBX=0x00007fe0097f35b0 is pointing into the stack for thread: 0x00007fdfec0c7800
RCX=0x0000000000000008 is an unknown value
RDX=0x000000000000001d is an unknown value
RSP=0x00007fe0097f3550 is pointing into the stack for thread: 0x00007fdfec0c7800
RBP=0x00007fe0097f3590 is pointing into the stack for thread: 0x00007fdfec0c7800
RSI=0x0 is NULL
RDI=0x00007fe0097f35b0 is pointing into the stack for thread: 0x00007fdfec0c7800
R8 =0x0 is NULL
R9 =0x0 is NULL
R10=0x0 is NULL
R11=0x0 is NULL
R12=0x0000000000000002 is an unknown value
R13=0x0000000000000002 is an unknown value
R14=0x00007fe039fb4c80: <offset 0x0000000001142c80> in /usr/lib/jvm/java-11-openjdk-amd64/lib/server/libjvm.so at 0x00007fe038e72000
R15=0x00007fe0097f36e0 is pointing into the stack for thread: 0x00007fdfec0c7800


Registers:
RAX=0x00887fe039fb4c80, RBX=0x00007fe0097f35b0, RCX=0x0000000000000008, RDX=0x000000000000001d
RSP=0x00007fe0097f3550, RBP=0x00007fe0097f3590, RSI=0x0000000000000000, RDI=0x00007fe0097f35b0
R8 =0x0000000000000000, R9 =0x0000000000000000, R10=0x0000000000000000, R11=0x0000000000000000
R12=0x0000000000000002, R13=0x0000000000000002, R14=0x00007fe039fb4c80, R15=0x00007fe0097f36e0
RIP=0x00007fe039667ad1, EFLAGS=0x0000000000010206, CSGSFS=0x002b000000000033, ERR=0x0000000000000000
  TRAPNO=0x000000000000000d

Top of Stack: (sp=0x00007fe0097f3550)
0x00007fe0097f3550:   00007fe0097f3590 00007fe0396672ba
0x00007fe0097f3560:   0000000000000000 0000000000000002
0x00007fe0097f3570:   00007fdfd49318c0 0000000000000688
0x00007fe0097f3580:   00007fe0097f35b0 00007fe0097f36e0 

Instructions: (pc=0x00007fe039667ad1)
0x00007fe0396679d1:   73 10 89 c8 48 8d 14 86 8d 41 01 44 8b 3a 45 85
0x00007fe0396679e1:   ff 0f 85 20 03 00 00 83 f8 08 0f 84 ad 00 00 00
0x00007fe0396679f1:   89 c2 8d 79 02 48 8d 14 96 44 8b 2a 45 85 ed 0f
0x00007fe039667a01:   85 ca 01 00 00 83 ff 08 0f 84 8f 00 00 00 89 f8
0x00007fe039667a11:   48 8d 14 86 8d 41 03 44 8b 1a 45 85 db 0f 85 1c
0x00007fe039667a21:   02 00 00 83 f8 08 74 75 89 c2 8d 79 04 48 8d 14
0x00007fe039667a31:   96 44 8b 12 45 85 d2 0f 85 92 01 00 00 83 ff 08
0x00007fe039667a41:   74 5b 89 f8 48 8d 14 86 8d 41 05 44 8b 0a 45 85
0x00007fe039667a51:   c9 0f 85 e8 01 00 00 83 f8 08 74 41 89 c2 8d 79
0x00007fe039667a61:   06 48 8d 14 96 44 8b 02 45 85 c0 0f 85 5e 01 00
0x00007fe039667a71:   00 83 ff 08 74 27 89 f8 83 c1 07 48 8d 14 86 8b
0x00007fe039667a81:   02 85 c0 0f 85 c2 02 00 00 83 f9 08 74 0f 8b 46
0x00007fe039667a91:   1c 48 8d 56 1c 85 c0 0f 85 b5 02 00 00 8b 53 28
0x00007fe039667aa1:   44 39 e2 77 17 e9 02 01 00 00 0f 1f 44 00 00 41
0x00007fe039667ab1:   83 c4 01 41 39 d4 0f 83 f0 00 00 00 48 8b 43 20
0x00007fe039667ac1:   45 89 e5 4a 8b 04 e8 4c 39 f0 74 e3 48 89 43 10
0x00007fe039667ad1:   44 8b 38 48 89 c7 45 85 ff 0f 85 66 01 00 00 44
0x00007fe039667ae1:   8b 58 04 45 85 db 0f 85 d2 01 00 00 44 8b 50 08
0x00007fe039667af1:   45 85 d2 0f 85 d5 01 00 00 44 8b 48 0c 45 85 c9
0x00007fe039667b01:   0f 85 db 01 00 00 44 8b 40 10 45 85 c0 0f 85 e1
0x00007fe039667b11:   01 00 00 8b 70 14 85 f6 0f 85 f4 01 00 00 8b 48
0x00007fe039667b21:   18 85 c9 0f 85 fc 01 00 00 8b 40 1c 85 c0 0f 85
0x00007fe039667b31:   04 02 00 00 4c 8b 7b 30 4d 85 ff 0f 84 6e ff ff
0x00007fe039667b41:   ff 49 8b 47 08 41 83 c4 01 4a 8b 14 e8 48 89 55
0x00007fe039667b51:   c8 66 48 8d 3d 6e f4 8f 00 66 66 48 e8 9e 79 a7
0x00007fe039667b61:   ff 48 8b 55 c8 48 8b 08 48 8b 89 e8 04 00 00 48
0x00007fe039667b71:   8b 89 88 00 00 00 48 8b 89 88 08 00 00 48 89 0a
0x00007fe039667b81:   48 8b 00 48 8b 80 e8 04 00 00 48 8b 80 88 00 00
0x00007fe039667b91:   00 48 89 90 88 08 00 00 49 8b 47 08 4e 89 34 e8
0x00007fe039667ba1:   8b 53 28 41 39 d4 0f 82 10 ff ff ff 89 53 18 31
0x00007fe039667bb1:   c0 c7 43 08 08 00 00 00 48 83 c4 18 5b 41 5c 41
0x00007fe039667bc1:   5d 41 5e 41 5f 5d c3 0f 1f 84 00 00 00 00 00 89 


Stack slot to memory mapping:
stack at sp + 0 slots: 0x00007fe0097f3590 is pointing into the stack for thread: 0x00007fdfec0c7800
stack at sp + 1 slots: 0x00007fe0396672ba: <offset 0x00000000007f52ba> in /usr/lib/jvm/java-11-openjdk-amd64/lib/server/libjvm.so at 0x00007fe038e72000
stack at sp + 2 slots: 0x0 is NULL
stack at sp + 3 slots: 0x0000000000000002 is an unknown value
stack at sp + 4 slots: 0x00007fdfd49318c0 points into unknown readable memory: 4d 86 0d f1 98 3e 01 3f
stack at sp + 5 slots: 0x0000000000000688 is an unknown value
stack at sp + 6 slots: 0x00007fe0097f35b0 is pointing into the stack for thread: 0x00007fdfec0c7800
stack at sp + 7 slots: 0x00007fe0097f36e0 is pointing into the stack for thread: 0x00007fdfec0c7800


---------------  P R O C E S S  ---------------

Threads class SMR info:
_java_thread_list=0x00007fdfec0c89b0, length=10, elements={
0x00007fe034016800, 0x00007fe034193800, 0x00007fe034197800, 0x00007fe0341ac800,
0x00007fe0341ae800, 0x00007fe0341b0800, 0x00007fe0341b2800, 0x00007fe034240000,
0x00007fe034254000, 0x00007fdfec0c7800
}

Java Threads: ( => current thread )
  0x00007fe034016800 JavaThread "main" [_thread_in_native, id=26933, stack(0x00007fe038a26000,0x00007fe038b27000)]
  0x00007fe034193800 JavaThread "Reference Handler" daemon [_thread_blocked, id=26940, stack(0x00007fe0109c4000,0x00007fe010ac5000)]
  0x00007fe034197800 JavaThread "Finalizer" daemon [_thread_blocked, id=26941, stack(0x00007fe0108c3000,0x00007fe0109c4000)]
  0x00007fe0341ac800 JavaThread "Signal Dispatcher" daemon [_thread_blocked, id=26942, stack(0x00007fe010252000,0x00007fe010353000)]
  0x00007fe0341ae800 JavaThread "C2 CompilerThread0" daemon [_thread_in_native, id=26943, stack(0x00007fe010151000,0x00007fe010252000)]
  0x00007fe0341b0800 JavaThread "C1 CompilerThread0" daemon [_thread_in_native, id=26944, stack(0x00007fe010050000,0x00007fe010151000)]
  0x00007fe0341b2800 JavaThread "Sweeper thread" daemon [_thread_blocked, id=26945, stack(0x00007fe009eff000,0x00007fe00a000000)]
  0x00007fe034240000 JavaThread "Service Thread" daemon [_thread_blocked, id=26946, stack(0x00007fe009dfe000,0x00007fe009eff000)]
  0x00007fe034254000 JavaThread "Common-Cleaner" daemon [_thread_blocked, id=26948, stack(0x00007fe009bfb000,0x00007fe009cfc000)]
=>0x00007fdfec0c7800 JavaThread "C2 CompilerThread1" daemon [_thread_in_native, id=26949, stack(0x00007fe0096f7000,0x00007fe0097f8000)]

Other Threads:
  0x00007fe03418b800 VMThread "VM Thread" [stack: 0x00007fe010ac7000,0x00007fe010bc7000] [id=26939]
  0x00007fe034242800 WatcherThread [stack: 0x00007fe009cfe000,0x00007fe009dfe000] [id=26947]
  0x00007fe03402e000 GCTaskThread "GC Thread#0" [stack: 0x00007fe0386d7000,0x00007fe0387d7000] [id=26934]
  0x00007fdffc001000 GCTaskThread "GC Thread#1" [stack: 0x00007fe0095f7000,0x00007fe0096f7000] [id=26950]
  0x00007fdffc003000 GCTaskThread "GC Thread#2" [stack: 0x00007fe0094f5000,0x00007fe0095f5000] [id=26951]
  0x00007fdffc004800 GCTaskThread "GC Thread#3" [stack: 0x00007fe0093f3000,0x00007fe0094f3000] [id=26952]
  0x00007fe034075800 ConcurrentGCThread "G1 Main Marker" [stack: 0x00007fe03816e000,0x00007fe03826e000] [id=26935]
  0x00007fe034077800 ConcurrentGCThread "G1 Conc#0" [stack: 0x00007fe03806c000,0x00007fe03816c000] [id=26936]
  0x00007fe034128000 ConcurrentGCThread "G1 Refine#0" [stack: 0x00007fe0115a7000,0x00007fe0116a7000] [id=26937]
  0x00007fe03412a000 ConcurrentGCThread "G1 Young RemSet Sampling" [stack: 0x00007fe0114a5000,0x00007fe0115a5000] [id=26938]

Threads with active compile tasks:
C2 CompilerThread0   1981 2294       4       sun.nio.cs.UTF_8$Decoder::decodeArrayLoop (691 bytes)
C1 CompilerThread0   1981 2344       2       org.apache.maven.model.merge.ModelMerger$MergingList::mergeAll (348 bytes)
C2 CompilerThread1   1981 1885   !   4       java.net.URL::<init> (543 bytes)

VM state:not at safepoint (normal execution)

VM Mutex/Monitor currently owned by a thread: None

Heap address: 0x0000000746800000, size: 2968 MB, Compressed Oops mode: Zero based, Oop shift amount: 3
Narrow klass base: 0x0000000800000000, Narrow klass shift: 0
Compressed class space size: 1073741824 Address: 0x0000000800000000

Heap:
 garbage-first heap   total 190464K, used 29979K [0x0000000746800000, 0x0000000800000000)
  region size 1024K, 28 young (28672K), 3 survivors (3072K)
 Metaspace       used 20413K, capacity 20790K, committed 21296K, reserved 1069056K
  class space    used 2179K, capacity 2313K, committed 2432K, reserved 1048576K
Heap Regions: E=young(eden), S=young(survivor), O=old, HS=humongous(starts), HC=humongous(continues), CS=collection set, F=free, A=archive, TAMS=top-at-mark-start (previous, next)
|   0|0x0000000746800000, 0x0000000746900000, 0x0000000746900000|100%| O|  |TAMS 0x0000000746800000, 0x0000000746800000| Untracked 
|   1|0x0000000746900000, 0x0000000746a00000, 0x0000000746a00000|100%| O|  |TAMS 0x0000000746900000, 0x0000000746900000| Untracked 
|   2|0x0000000746a00000, 0x0000000746b00000, 0x0000000746b00000|100%| O|  |TAMS 0x0000000746a00000, 0x0000000746a00000| Untracked 
|   3|0x0000000746b00000, 0x0000000746b0a400, 0x0000000746c00000|  4%| O|  |TAMS 0x0000000746b00000, 0x0000000746b00000| Untracked 
|   4|0x0000000746c00000, 0x0000000746c00000, 0x0000000746d00000|  0%| F|  |TAMS 0x0000000746c00000, 0x0000000746c00000| Untracked 
|   5|0x0000000746d00000, 0x0000000746d00000, 0x0000000746e00000|  0%| F|  |TAMS 0x0000000746d00000, 0x0000000746d00000| Untracked 
|   6|0x0000000746e00000, 0x0000000746e00000, 0x0000000746f00000|  0%| F|  |TAMS 0x0000000746e00000, 0x0000000746e00000| Untracked 
|   7|0x0000000746f00000, 0x0000000746f00000, 0x0000000747000000|  0%| F|  |TAMS 0x0000000746f00000, 0x0000000746f00000| Untracked 
|   8|0x0000000747000000, 0x0000000747000000, 0x0000000747100000|  0%| F|  |TAMS 0x0000000747000000, 0x0000000747000000| Untracked 
|   9|0x0000000747100000, 0x0000000747100000, 0x0000000747200000|  0%| F|  |TAMS 0x0000000747100000, 0x0000000747100000| Untracked 
|  10|0x0000000747200000, 0x0000000747200000, 0x0000000747300000|  0%| F|  |TAMS 0x0000000747200000, 0x0000000747200000| Untracked 
|  11|0x0000000747300000, 0x0000000747300000, 0x0000000747400000|  0%| F|  |TAMS 0x0000000747300000, 0x0000000747300000| Untracked 
|  12|0x0000000747400000, 0x0000000747400000, 0x0000000747500000|  0%| F|  |TAMS 0x0000000747400000, 0x0000000747400000| Untracked 
|  13|0x0000000747500000, 0x0000000747500000, 0x0000000747600000|  0%| F|  |TAMS 0x0000000747500000, 0x0000000747500000| Untracked 
|  14|0x0000000747600000, 0x0000000747600000, 0x0000000747700000|  0%| F|  |TAMS 0x0000000747600000, 0x0000000747600000| Untracked 
|  15|0x0000000747700000, 0x0000000747700000, 0x0000000747800000|  0%| F|  |TAMS 0x0000000747700000, 0x0000000747700000| Untracked 
|  16|0x0000000747800000, 0x0000000747800000, 0x0000000747900000|  0%| F|  |TAMS 0x0000000747800000, 0x0000000747800000| Untracked 
|  17|0x0000000747900000, 0x0000000747900000, 0x0000000747a00000|  0%| F|  |TAMS 0x0000000747900000, 0x0000000747900000| Untracked 
|  18|0x0000000747a00000, 0x0000000747a00000, 0x0000000747b00000|  0%| F|  |TAMS 0x0000000747a00000, 0x0000000747a00000| Untracked 
|  19|0x0000000747b00000, 0x0000000747b00000, 0x0000000747c00000|  0%| F|  |TAMS 0x0000000747b00000, 0x0000000747b00000| Untracked 
|  20|0x0000000747c00000, 0x0000000747c00000, 0x0000000747d00000|  0%| F|  |TAMS 0x0000000747c00000, 0x0000000747c00000| Untracked 
|  21|0x0000000747d00000, 0x0000000747d00000, 0x0000000747e00000|  0%| F|  |TAMS 0x0000000747d00000, 0x0000000747d00000| Untracked 
|  22|0x0000000747e00000, 0x0000000747e00000, 0x0000000747f00000|  0%| F|  |TAMS 0x0000000747e00000, 0x0000000747e00000| Untracked 
|  23|0x0000000747f00000, 0x0000000747f00000, 0x0000000748000000|  0%| F|  |TAMS 0x0000000747f00000, 0x0000000747f00000| Untracked 
|  24|0x0000000748000000, 0x0000000748000000, 0x0000000748100000|  0%| F|  |TAMS 0x0000000748000000, 0x0000000748000000| Untracked 
|  25|0x0000000748100000, 0x0000000748100000, 0x0000000748200000|  0%| F|  |TAMS 0x0000000748100000, 0x0000000748100000| Untracked 
|  26|0x0000000748200000, 0x0000000748200000, 0x0000000748300000|  0%| F|  |TAMS 0x0000000748200000, 0x0000000748200000| Untracked 
|  27|0x0000000748300000, 0x0000000748300000, 0x0000000748400000|  0%| F|  |TAMS 0x0000000748300000, 0x0000000748300000| Untracked 
|  28|0x0000000748400000, 0x0000000748400000, 0x0000000748500000|  0%| F|  |TAMS 0x0000000748400000, 0x0000000748400000| Untracked 
|  29|0x0000000748500000, 0x0000000748500000, 0x0000000748600000|  0%| F|  |TAMS 0x0000000748500000, 0x0000000748500000| Untracked 
|  30|0x0000000748600000, 0x0000000748600000, 0x0000000748700000|  0%| F|  |TAMS 0x0000000748600000, 0x0000000748600000| Untracked 
|  31|0x0000000748700000, 0x0000000748700000, 0x0000000748800000|  0%| F|  |TAMS 0x0000000748700000, 0x0000000748700000| Untracked 
|  32|0x0000000748800000, 0x0000000748800000, 0x0000000748900000|  0%| F|  |TAMS 0x0000000748800000, 0x0000000748800000| Untracked 
|  33|0x0000000748900000, 0x0000000748900000, 0x0000000748a00000|  0%| F|  |TAMS 0x0000000748900000, 0x0000000748900000| Untracked 
|  34|0x0000000748a00000, 0x0000000748a00000, 0x0000000748b00000|  0%| F|  |TAMS 0x0000000748a00000, 0x0000000748a00000| Untracked 
|  35|0x0000000748b00000, 0x0000000748b00000, 0x0000000748c00000|  0%| F|  |TAMS 0x0000000748b00000, 0x0000000748b00000| Untracked 
|  36|0x0000000748c00000, 0x0000000748c00000, 0x0000000748d00000|  0%| F|  |TAMS 0x0000000748c00000, 0x0000000748c00000| Untracked 
|  37|0x0000000748d00000, 0x0000000748d00000, 0x0000000748e00000|  0%| F|  |TAMS 0x0000000748d00000, 0x0000000748d00000| Untracked 
|  38|0x0000000748e00000, 0x0000000748e00000, 0x0000000748f00000|  0%| F|  |TAMS 0x0000000748e00000, 0x0000000748e00000| Untracked 
|  39|0x0000000748f00000, 0x0000000748f00000, 0x0000000749000000|  0%| F|  |TAMS 0x0000000748f00000, 0x0000000748f00000| Untracked 
|  40|0x0000000749000000, 0x0000000749000000, 0x0000000749100000|  0%| F|  |TAMS 0x0000000749000000, 0x0000000749000000| Untracked 
|  41|0x0000000749100000, 0x0000000749100000, 0x0000000749200000|  0%| F|  |TAMS 0x0000000749100000, 0x0000000749100000| Untracked 
|  42|0x0000000749200000, 0x0000000749200000, 0x0000000749300000|  0%| F|  |TAMS 0x0000000749200000, 0x0000000749200000| Untracked 
|  43|0x0000000749300000, 0x0000000749300000, 0x0000000749400000|  0%| F|  |TAMS 0x0000000749300000, 0x0000000749300000| Untracked 
|  44|0x0000000749400000, 0x0000000749400000, 0x0000000749500000|  0%| F|  |TAMS 0x0000000749400000, 0x0000000749400000| Untracked 
|  45|0x0000000749500000, 0x0000000749500000, 0x0000000749600000|  0%| F|  |TAMS 0x0000000749500000, 0x0000000749500000| Untracked 
|  46|0x0000000749600000, 0x0000000749600000, 0x0000000749700000|  0%| F|  |TAMS 0x0000000749600000, 0x0000000749600000| Untracked 
|  47|0x0000000749700000, 0x0000000749700000, 0x0000000749800000|  0%| F|  |TAMS 0x0000000749700000, 0x0000000749700000| Untracked 
|  48|0x0000000749800000, 0x0000000749800000, 0x0000000749900000|  0%| F|  |TAMS 0x0000000749800000, 0x0000000749800000| Untracked 
|  49|0x0000000749900000, 0x0000000749900000, 0x0000000749a00000|  0%| F|  |TAMS 0x0000000749900000, 0x0000000749900000| Untracked 
|  50|0x0000000749a00000, 0x0000000749a00000, 0x0000000749b00000|  0%| F|  |TAMS 0x0000000749a00000, 0x0000000749a00000| Untracked 
|  51|0x0000000749b00000, 0x0000000749b00000, 0x0000000749c00000|  0%| F|  |TAMS 0x0000000749b00000, 0x0000000749b00000| Untracked 
|  52|0x0000000749c00000, 0x0000000749c00000, 0x0000000749d00000|  0%| F|  |TAMS 0x0000000749c00000, 0x0000000749c00000| Untracked 
|  53|0x0000000749d00000, 0x0000000749d00000, 0x0000000749e00000|  0%| F|  |TAMS 0x0000000749d00000, 0x0000000749d00000| Untracked 
|  54|0x0000000749e00000, 0x0000000749e00000, 0x0000000749f00000|  0%| F|  |TAMS 0x0000000749e00000, 0x0000000749e00000| Untracked 
|  55|0x0000000749f00000, 0x0000000749f00000, 0x000000074a000000|  0%| F|  |TAMS 0x0000000749f00000, 0x0000000749f00000| Untracked 
|  56|0x000000074a000000, 0x000000074a000000, 0x000000074a100000|  0%| F|  |TAMS 0x000000074a000000, 0x000000074a000000| Untracked 
|  57|0x000000074a100000, 0x000000074a100000, 0x000000074a200000|  0%| F|  |TAMS 0x000000074a100000, 0x000000074a100000| Untracked 
|  58|0x000000074a200000, 0x000000074a200000, 0x000000074a300000|  0%| F|  |TAMS 0x000000074a200000, 0x000000074a200000| Untracked 
|  59|0x000000074a300000, 0x000000074a300000, 0x000000074a400000|  0%| F|  |TAMS 0x000000074a300000, 0x000000074a300000| Untracked 
|  60|0x000000074a400000, 0x000000074a400000, 0x000000074a500000|  0%| F|  |TAMS 0x000000074a400000, 0x000000074a400000| Untracked 
|  61|0x000000074a500000, 0x000000074a500000, 0x000000074a600000|  0%| F|  |TAMS 0x000000074a500000, 0x000000074a500000| Untracked 
|  62|0x000000074a600000, 0x000000074a600000, 0x000000074a700000|  0%| F|  |TAMS 0x000000074a600000, 0x000000074a600000| Untracked 
|  63|0x000000074a700000, 0x000000074a700000, 0x000000074a800000|  0%| F|  |TAMS 0x000000074a700000, 0x000000074a700000| Untracked 
|  64|0x000000074a800000, 0x000000074a800000, 0x000000074a900000|  0%| F|  |TAMS 0x000000074a800000, 0x000000074a800000| Untracked 
|  65|0x000000074a900000, 0x000000074a900000, 0x000000074aa00000|  0%| F|  |TAMS 0x000000074a900000, 0x000000074a900000| Untracked 
|  66|0x000000074aa00000, 0x000000074aa00000, 0x000000074ab00000|  0%| F|  |TAMS 0x000000074aa00000, 0x000000074aa00000| Untracked 
|  67|0x000000074ab00000, 0x000000074ab00000, 0x000000074ac00000|  0%| F|  |TAMS 0x000000074ab00000, 0x000000074ab00000| Untracked 
|  68|0x000000074ac00000, 0x000000074ac00000, 0x000000074ad00000|  0%| F|  |TAMS 0x000000074ac00000, 0x000000074ac00000| Untracked 
|  69|0x000000074ad00000, 0x000000074ad00000, 0x000000074ae00000|  0%| F|  |TAMS 0x000000074ad00000, 0x000000074ad00000| Untracked 
|  70|0x000000074ae00000, 0x000000074ae00000, 0x000000074af00000|  0%| F|  |TAMS 0x000000074ae00000, 0x000000074ae00000| Untracked 
|  71|0x000000074af00000, 0x000000074af00000, 0x000000074b000000|  0%| F|  |TAMS 0x000000074af00000, 0x000000074af00000| Untracked 
|  72|0x000000074b000000, 0x000000074b000000, 0x000000074b100000|  0%| F|  |TAMS 0x000000074b000000, 0x000000074b000000| Untracked 
|  73|0x000000074b100000, 0x000000074b100000, 0x000000074b200000|  0%| F|  |TAMS 0x000000074b100000, 0x000000074b100000| Untracked 
|  74|0x000000074b200000, 0x000000074b200000, 0x000000074b300000|  0%| F|  |TAMS 0x000000074b200000, 0x000000074b200000| Untracked 
|  75|0x000000074b300000, 0x000000074b300000, 0x000000074b400000|  0%| F|  |TAMS 0x000000074b300000, 0x000000074b300000| Untracked 
|  76|0x000000074b400000, 0x000000074b400000, 0x000000074b500000|  0%| F|  |TAMS 0x000000074b400000, 0x000000074b400000| Untracked 
|  77|0x000000074b500000, 0x000000074b500000, 0x000000074b600000|  0%| F|  |TAMS 0x000000074b500000, 0x000000074b500000| Untracked 
|  78|0x000000074b600000, 0x000000074b600000, 0x000000074b700000|  0%| F|  |TAMS 0x000000074b600000, 0x000000074b600000| Untracked 
|  79|0x000000074b700000, 0x000000074b700000, 0x000000074b800000|  0%| F|  |TAMS 0x000000074b700000, 0x000000074b700000| Untracked 
|  80|0x000000074b800000, 0x000000074b800000, 0x000000074b900000|  0%| F|  |TAMS 0x000000074b800000, 0x000000074b800000| Untracked 
|  81|0x000000074b900000, 0x000000074b900000, 0x000000074ba00000|  0%| F|  |TAMS 0x000000074b900000, 0x000000074b900000| Untracked 
|  82|0x000000074ba00000, 0x000000074ba00000, 0x000000074bb00000|  0%| F|  |TAMS 0x000000074ba00000, 0x000000074ba00000| Untracked 
|  83|0x000000074bb00000, 0x000000074bb00000, 0x000000074bc00000|  0%| F|  |TAMS 0x000000074bb00000, 0x000000074bb00000| Untracked 
|  84|0x000000074bc00000, 0x000000074bc00000, 0x000000074bd00000|  0%| F|  |TAMS 0x000000074bc00000, 0x000000074bc00000| Untracked 
|  85|0x000000074bd00000, 0x000000074bd00000, 0x000000074be00000|  0%| F|  |TAMS 0x000000074bd00000, 0x000000074bd00000| Untracked 
|  86|0x000000074be00000, 0x000000074be00000, 0x000000074bf00000|  0%| F|  |TAMS 0x000000074be00000, 0x000000074be00000| Untracked 
|  87|0x000000074bf00000, 0x000000074bf00000, 0x000000074c000000|  0%| F|  |TAMS 0x000000074bf00000, 0x000000074bf00000| Untracked 
|  88|0x000000074c000000, 0x000000074c000000, 0x000000074c100000|  0%| F|  |TAMS 0x000000074c000000, 0x000000074c000000| Untracked 
|  89|0x000000074c100000, 0x000000074c100000, 0x000000074c200000|  0%| F|  |TAMS 0x000000074c100000, 0x000000074c100000| Untracked 
|  90|0x000000074c200000, 0x000000074c200000, 0x000000074c300000|  0%| F|  |TAMS 0x000000074c200000, 0x000000074c200000| Untracked 
|  91|0x000000074c300000, 0x000000074c300000, 0x000000074c400000|  0%| F|  |TAMS 0x000000074c300000, 0x000000074c300000| Untracked 
|  92|0x000000074c400000, 0x000000074c400000, 0x000000074c500000|  0%| F|  |TAMS 0x000000074c400000, 0x000000074c400000| Untracked 
|  93|0x000000074c500000, 0x000000074c500000, 0x000000074c600000|  0%| F|  |TAMS 0x000000074c500000, 0x000000074c500000| Untracked 
|  94|0x000000074c600000, 0x000000074c600000, 0x000000074c700000|  0%| F|  |TAMS 0x000000074c600000, 0x000000074c600000| Untracked 
|  95|0x000000074c700000, 0x000000074c700000, 0x000000074c800000|  0%| F|  |TAMS 0x000000074c700000, 0x000000074c700000| Untracked 
|  96|0x000000074c800000, 0x000000074c800000, 0x000000074c900000|  0%| F|  |TAMS 0x000000074c800000, 0x000000074c800000| Untracked 
|  97|0x000000074c900000, 0x000000074c900000, 0x000000074ca00000|  0%| F|  |TAMS 0x000000074c900000, 0x000000074c900000| Untracked 
|  98|0x000000074ca00000, 0x000000074ca00000, 0x000000074cb00000|  0%| F|  |TAMS 0x000000074ca00000, 0x000000074ca00000| Untracked 
|  99|0x000000074cb00000, 0x000000074cb00000, 0x000000074cc00000|  0%| F|  |TAMS 0x000000074cb00000, 0x000000074cb00000| Untracked 
| 100|0x000000074cc00000, 0x000000074cc00000, 0x000000074cd00000|  0%| F|  |TAMS 0x000000074cc00000, 0x000000074cc00000| Untracked 
| 101|0x000000074cd00000, 0x000000074cd00000, 0x000000074ce00000|  0%| F|  |TAMS 0x000000074cd00000, 0x000000074cd00000| Untracked 
| 102|0x000000074ce00000, 0x000000074ce00000, 0x000000074cf00000|  0%| F|  |TAMS 0x000000074ce00000, 0x000000074ce00000| Untracked 
| 103|0x000000074cf00000, 0x000000074cf00000, 0x000000074d000000|  0%| F|  |TAMS 0x000000074cf00000, 0x000000074cf00000| Untracked 
| 104|0x000000074d000000, 0x000000074d000000, 0x000000074d100000|  0%| F|  |TAMS 0x000000074d000000, 0x000000074d000000| Untracked 
| 105|0x000000074d100000, 0x000000074d100000, 0x000000074d200000|  0%| F|  |TAMS 0x000000074d100000, 0x000000074d100000| Untracked 
| 106|0x000000074d200000, 0x000000074d200000, 0x000000074d300000|  0%| F|  |TAMS 0x000000074d200000, 0x000000074d200000| Untracked 
| 107|0x000000074d300000, 0x000000074d300000, 0x000000074d400000|  0%| F|  |TAMS 0x000000074d300000, 0x000000074d300000| Untracked 
| 108|0x000000074d400000, 0x000000074d400000, 0x000000074d500000|  0%| F|  |TAMS 0x000000074d400000, 0x000000074d400000| Untracked 
| 109|0x000000074d500000, 0x000000074d500000, 0x000000074d600000|  0%| F|  |TAMS 0x000000074d500000, 0x000000074d500000| Untracked 
| 110|0x000000074d600000, 0x000000074d600000, 0x000000074d700000|  0%| F|  |TAMS 0x000000074d600000, 0x000000074d600000| Untracked 
| 111|0x000000074d700000, 0x000000074d700000, 0x000000074d800000|  0%| F|  |TAMS 0x000000074d700000, 0x000000074d700000| Untracked 
| 112|0x000000074d800000, 0x000000074d800000, 0x000000074d900000|  0%| F|  |TAMS 0x000000074d800000, 0x000000074d800000| Untracked 
| 113|0x000000074d900000, 0x000000074d900000, 0x000000074da00000|  0%| F|  |TAMS 0x000000074d900000, 0x000000074d900000| Untracked 
| 114|0x000000074da00000, 0x000000074da00000, 0x000000074db00000|  0%| F|  |TAMS 0x000000074da00000, 0x000000074da00000| Untracked 
| 115|0x000000074db00000, 0x000000074db00000, 0x000000074dc00000|  0%| F|  |TAMS 0x000000074db00000, 0x000000074db00000| Untracked 
| 116|0x000000074dc00000, 0x000000074dc00000, 0x000000074dd00000|  0%| F|  |TAMS 0x000000074dc00000, 0x000000074dc00000| Untracked 
| 117|0x000000074dd00000, 0x000000074dd00000, 0x000000074de00000|  0%| F|  |TAMS 0x000000074dd00000, 0x000000074dd00000| Untracked 
| 118|0x000000074de00000, 0x000000074de00000, 0x000000074df00000|  0%| F|  |TAMS 0x000000074de00000, 0x000000074de00000| Untracked 
| 119|0x000000074df00000, 0x000000074df00000, 0x000000074e000000|  0%| F|  |TAMS 0x000000074df00000, 0x000000074df00000| Untracked 
| 120|0x000000074e000000, 0x000000074e000000, 0x000000074e100000|  0%| F|  |TAMS 0x000000074e000000, 0x000000074e000000| Untracked 
| 121|0x000000074e100000, 0x000000074e100000, 0x000000074e200000|  0%| F|  |TAMS 0x000000074e100000, 0x000000074e100000| Untracked 
| 122|0x000000074e200000, 0x000000074e200000, 0x000000074e300000|  0%| F|  |TAMS 0x000000074e200000, 0x000000074e200000| Untracked 
| 123|0x000000074e300000, 0x000000074e300000, 0x000000074e400000|  0%| F|  |TAMS 0x000000074e300000, 0x000000074e300000| Untracked 
| 124|0x000000074e400000, 0x000000074e400000, 0x000000074e500000|  0%| F|  |TAMS 0x000000074e400000, 0x000000074e400000| Untracked 
| 125|0x000000074e500000, 0x000000074e500000, 0x000000074e600000|  0%| F|  |TAMS 0x000000074e500000, 0x000000074e500000| Untracked 
| 126|0x000000074e600000, 0x000000074e600000, 0x000000074e700000|  0%| F|  |TAMS 0x000000074e600000, 0x000000074e600000| Untracked 
| 127|0x000000074e700000, 0x000000074e700000, 0x000000074e800000|  0%| F|  |TAMS 0x000000074e700000, 0x000000074e700000| Untracked 
| 128|0x000000074e800000, 0x000000074e800000, 0x000000074e900000|  0%| F|  |TAMS 0x000000074e800000, 0x000000074e800000| Untracked 
| 129|0x000000074e900000, 0x000000074e900000, 0x000000074ea00000|  0%| F|  |TAMS 0x000000074e900000, 0x000000074e900000| Untracked 
| 130|0x000000074ea00000, 0x000000074ea00000, 0x000000074eb00000|  0%| F|  |TAMS 0x000000074ea00000, 0x000000074ea00000| Untracked 
| 131|0x000000074eb00000, 0x000000074eb00000, 0x000000074ec00000|  0%| F|  |TAMS 0x000000074eb00000, 0x000000074eb00000| Untracked 
| 132|0x000000074ec00000, 0x000000074ec00000, 0x000000074ed00000|  0%| F|  |TAMS 0x000000074ec00000, 0x000000074ec00000| Untracked 
| 133|0x000000074ed00000, 0x000000074ed00000, 0x000000074ee00000|  0%| F|  |TAMS 0x000000074ed00000, 0x000000074ed00000| Untracked 
| 134|0x000000074ee00000, 0x000000074ee00000, 0x000000074ef00000|  0%| F|  |TAMS 0x000000074ee00000, 0x000000074ee00000| Untracked 
| 135|0x000000074ef00000, 0x000000074ef00000, 0x000000074f000000|  0%| F|  |TAMS 0x000000074ef00000, 0x000000074ef00000| Untracked 
| 136|0x000000074f000000, 0x000000074f000000, 0x000000074f100000|  0%| F|  |TAMS 0x000000074f000000, 0x000000074f000000| Untracked 
| 137|0x000000074f100000, 0x000000074f100000, 0x000000074f200000|  0%| F|  |TAMS 0x000000074f100000, 0x000000074f100000| Untracked 
| 138|0x000000074f200000, 0x000000074f200000, 0x000000074f300000|  0%| F|  |TAMS 0x000000074f200000, 0x000000074f200000| Untracked 
| 139|0x000000074f300000, 0x000000074f300000, 0x000000074f400000|  0%| F|  |TAMS 0x000000074f300000, 0x000000074f300000| Untracked 
| 140|0x000000074f400000, 0x000000074f400000, 0x000000074f500000|  0%| F|  |TAMS 0x000000074f400000, 0x000000074f400000| Untracked 
| 141|0x000000074f500000, 0x000000074f500000, 0x000000074f600000|  0%| F|  |TAMS 0x000000074f500000, 0x000000074f500000| Untracked 
| 142|0x000000074f600000, 0x000000074f600000, 0x000000074f700000|  0%| F|  |TAMS 0x000000074f600000, 0x000000074f600000| Untracked 
| 143|0x000000074f700000, 0x000000074f700000, 0x000000074f800000|  0%| F|  |TAMS 0x000000074f700000, 0x000000074f700000| Untracked 
| 144|0x000000074f800000, 0x000000074f800000, 0x000000074f900000|  0%| F|  |TAMS 0x000000074f800000, 0x000000074f800000| Untracked 
| 145|0x000000074f900000, 0x000000074f900000, 0x000000074fa00000|  0%| F|  |TAMS 0x000000074f900000, 0x000000074f900000| Untracked 
| 146|0x000000074fa00000, 0x000000074fa00000, 0x000000074fb00000|  0%| F|  |TAMS 0x000000074fa00000, 0x000000074fa00000| Untracked 
| 147|0x000000074fb00000, 0x000000074fb00000, 0x000000074fc00000|  0%| F|  |TAMS 0x000000074fb00000, 0x000000074fb00000| Untracked 
| 148|0x000000074fc00000, 0x000000074fc00000, 0x000000074fd00000|  0%| F|  |TAMS 0x000000074fc00000, 0x000000074fc00000| Untracked 
| 149|0x000000074fd00000, 0x000000074fd00000, 0x000000074fe00000|  0%| F|  |TAMS 0x000000074fd00000, 0x000000074fd00000| Untracked 
| 150|0x000000074fe00000, 0x000000074fe3cb00, 0x000000074ff00000| 23%| S|CS|TAMS 0x000000074fe00000, 0x000000074fe00000| Complete 
| 151|0x000000074ff00000, 0x0000000750000000, 0x0000000750000000|100%| S|CS|TAMS 0x000000074ff00000, 0x000000074ff00000| Complete 
| 152|0x0000000750000000, 0x0000000750100000, 0x0000000750100000|100%| S|CS|TAMS 0x0000000750000000, 0x0000000750000000| Complete 
| 153|0x0000000750100000, 0x0000000750100000, 0x0000000750200000|  0%| F|  |TAMS 0x0000000750100000, 0x0000000750100000| Untracked 
| 154|0x0000000750200000, 0x0000000750200000, 0x0000000750300000|  0%| F|  |TAMS 0x0000000750200000, 0x0000000750200000| Untracked 
| 155|0x0000000750300000, 0x0000000750300000, 0x0000000750400000|  0%| F|  |TAMS 0x0000000750300000, 0x0000000750300000| Untracked 
| 156|0x0000000750400000, 0x0000000750400000, 0x0000000750500000|  0%| F|  |TAMS 0x0000000750400000, 0x0000000750400000| Untracked 
| 157|0x0000000750500000, 0x0000000750500000, 0x0000000750600000|  0%| F|  |TAMS 0x0000000750500000, 0x0000000750500000| Untracked 
| 158|0x0000000750600000, 0x0000000750600000, 0x0000000750700000|  0%| F|  |TAMS 0x0000000750600000, 0x0000000750600000| Untracked 
| 159|0x0000000750700000, 0x0000000750700000, 0x0000000750800000|  0%| F|  |TAMS 0x0000000750700000, 0x0000000750700000| Untracked 
| 160|0x0000000750800000, 0x0000000750800000, 0x0000000750900000|  0%| F|  |TAMS 0x0000000750800000, 0x0000000750800000| Untracked 
| 161|0x0000000750900000, 0x0000000750a00000, 0x0000000750a00000|100%| E|  |TAMS 0x0000000750900000, 0x0000000750900000| Complete 
| 162|0x0000000750a00000, 0x0000000750b00000, 0x0000000750b00000|100%| E|CS|TAMS 0x0000000750a00000, 0x0000000750a00000| Complete 
| 163|0x0000000750b00000, 0x0000000750c00000, 0x0000000750c00000|100%| E|CS|TAMS 0x0000000750b00000, 0x0000000750b00000| Complete 
| 164|0x0000000750c00000, 0x0000000750d00000, 0x0000000750d00000|100%| E|CS|TAMS 0x0000000750c00000, 0x0000000750c00000| Complete 
| 165|0x0000000750d00000, 0x0000000750e00000, 0x0000000750e00000|100%| E|CS|TAMS 0x0000000750d00000, 0x0000000750d00000| Complete 
| 166|0x0000000750e00000, 0x0000000750f00000, 0x0000000750f00000|100%| E|CS|TAMS 0x0000000750e00000, 0x0000000750e00000| Complete 
| 167|0x0000000750f00000, 0x0000000751000000, 0x0000000751000000|100%| E|CS|TAMS 0x0000000750f00000, 0x0000000750f00000| Complete 
| 168|0x0000000751000000, 0x0000000751100000, 0x0000000751100000|100%| E|CS|TAMS 0x0000000751000000, 0x0000000751000000| Complete 
| 169|0x0000000751100000, 0x0000000751200000, 0x0000000751200000|100%| E|CS|TAMS 0x0000000751100000, 0x0000000751100000| Complete 
| 170|0x0000000751200000, 0x0000000751300000, 0x0000000751300000|100%| E|CS|TAMS 0x0000000751200000, 0x0000000751200000| Complete 
| 171|0x0000000751300000, 0x0000000751400000, 0x0000000751400000|100%| E|CS|TAMS 0x0000000751300000, 0x0000000751300000| Complete 
| 172|0x0000000751400000, 0x0000000751500000, 0x0000000751500000|100%| E|CS|TAMS 0x0000000751400000, 0x0000000751400000| Complete 
| 173|0x0000000751500000, 0x0000000751600000, 0x0000000751600000|100%| E|CS|TAMS 0x0000000751500000, 0x0000000751500000| Complete 
| 174|0x0000000751600000, 0x0000000751700000, 0x0000000751700000|100%| E|CS|TAMS 0x0000000751600000, 0x0000000751600000| Complete 
| 175|0x0000000751700000, 0x0000000751800000, 0x0000000751800000|100%| E|CS|TAMS 0x0000000751700000, 0x0000000751700000| Complete 
| 176|0x0000000751800000, 0x0000000751900000, 0x0000000751900000|100%| E|CS|TAMS 0x0000000751800000, 0x0000000751800000| Complete 
| 177|0x0000000751900000, 0x0000000751a00000, 0x0000000751a00000|100%| E|CS|TAMS 0x0000000751900000, 0x0000000751900000| Complete 
| 178|0x0000000751a00000, 0x0000000751b00000, 0x0000000751b00000|100%| E|CS|TAMS 0x0000000751a00000, 0x0000000751a00000| Complete 
| 179|0x0000000751b00000, 0x0000000751c00000, 0x0000000751c00000|100%| E|CS|TAMS 0x0000000751b00000, 0x0000000751b00000| Complete 
| 180|0x0000000751c00000, 0x0000000751d00000, 0x0000000751d00000|100%| E|CS|TAMS 0x0000000751c00000, 0x0000000751c00000| Complete 
| 181|0x0000000751d00000, 0x0000000751e00000, 0x0000000751e00000|100%| E|CS|TAMS 0x0000000751d00000, 0x0000000751d00000| Complete 
| 182|0x0000000751e00000, 0x0000000751f00000, 0x0000000751f00000|100%| E|CS|TAMS 0x0000000751e00000, 0x0000000751e00000| Complete 
| 183|0x0000000751f00000, 0x0000000752000000, 0x0000000752000000|100%| E|CS|TAMS 0x0000000751f00000, 0x0000000751f00000| Complete 
| 184|0x0000000752000000, 0x0000000752100000, 0x0000000752100000|100%| E|CS|TAMS 0x0000000752000000, 0x0000000752000000| Complete 
| 185|0x0000000752100000, 0x0000000752200000, 0x0000000752200000|100%| E|CS|TAMS 0x0000000752100000, 0x0000000752100000| Complete 

Card table byte_map: [0x00007fe017a34000,0x00007fe018000000] _byte_map_base: 0x00007fe014000000

Marking Bits (Prev, Next): (CMBitMap*) 0x00007fe034068ef8, (CMBitMap*) 0x00007fe034068f30
 Prev Bits: [0x00007fe014608000, 0x00007fe017468000)
 Next Bits: [0x00007fe0117a8000, 0x00007fe014608000)

Polling page: 0x00007fe0389e2000

Metaspace:

Usage:
  Non-class:     18.04 MB capacity,    17.83 MB ( 99%) used,   197.37 KB (  1%) free+waste,    22.50 KB ( <1%) overhead. 
      Class:      2.26 MB capacity,     2.13 MB ( 94%) used,   121.70 KB (  5%) free+waste,     8.94 KB ( <1%) overhead. 
       Both:     20.30 MB capacity,    19.96 MB ( 98%) used,   319.06 KB (  2%) free+waste,    31.44 KB ( <1%) overhead. 

Virtual space:
  Non-class space:       20.00 MB reserved,      18.42 MB ( 92%) committed 
      Class space:        1.00 GB reserved,       2.38 MB ( <1%) committed 
             Both:        1.02 GB reserved,      20.80 MB (  2%) committed 

Chunk freelists:
   Non-Class:  271.00 KB
       Class:  23.00 KB
        Both:  294.00 KB

MaxMetaspaceSize: unlimited
CompressedClassSpaceSize: 1.00 GB

CodeHeap 'non-profiled nmethods': size=120032Kb used=835Kb max_used=835Kb free=119197Kb
 bounds [0x00007fe0243ca000, 0x00007fe02463a000, 0x00007fe02b902000]
CodeHeap 'profiled nmethods': size=120032Kb used=4562Kb max_used=4562Kb free=115470Kb
 bounds [0x00007fe01ce92000, 0x00007fe01d312000, 0x00007fe0243ca000]
CodeHeap 'non-nmethods': size=5696Kb used=1090Kb max_used=1107Kb free=4605Kb
 bounds [0x00007fe01c902000, 0x00007fe01cb72000, 0x00007fe01ce92000]
 total_blobs=2734 nmethods=2322 adapters=324
 compilation: enabled
              stopped_count=0, restarted_count=0
 full_count=0

Compilation events (20 events):
Event: 1.911 Thread 0x00007fe0341b0800 2242       2       org.apache.maven.model.Dependency::getManagementKey (94 bytes)
Event: 1.912 Thread 0x00007fe0341b0800 nmethod 2242 0x00007fe01d2d8190 code [0x00007fe01d2d8400, 0x00007fe01d2d8b10]
Event: 1.912 Thread 0x00007fe0341b0800 2243       2       java.util.regex.Matcher::groupCount (10 bytes)
Event: 1.912 Thread 0x00007fe0341b0800 nmethod 2243 0x00007fe01d2d8e10 code [0x00007fe01d2d8fc0, 0x00007fe01d2d90d0]
Event: 1.912 Thread 0x00007fe0341b0800 2244       2       org.codehaus.plexus.util.xml.pull.MXParser::skipS (18 bytes)
Event: 1.913 Thread 0x00007fe0341b0800 nmethod 2244 0x00007fe01d2d9190 code [0x00007fe01d2d9340, 0x00007fe01d2d9500]
Event: 1.913 Thread 0x00007fe0341b0800 2240       2       org.codehaus.plexus.interpolation.reflection.ReflectionValueExtractor$Tokenizer::getPosition (23 bytes)
Event: 1.913 Thread 0x00007fe0341b0800 nmethod 2240 0x00007fe01d2d9610 code [0x00007fe01d2d97c0, 0x00007fe01d2d98f0]
Event: 1.916 Thread 0x00007fe0341b0800 2246       2       org.codehaus.plexus.configuration.DefaultPlexusConfiguration::getAttribute (14 bytes)
Event: 1.916 Thread 0x00007fe0341b0800 nmethod 2246 0x00007fe01d2d9a10 code [0x00007fe01d2d9bc0, 0x00007fe01d2d9d20]
Event: 1.916 Thread 0x00007fe0341b0800 2247       2       java.util.LinkedList::contains (14 bytes)
Event: 1.916 Thread 0x00007fe0341b0800 nmethod 2247 0x00007fe01d2d9e10 code [0x00007fe01d2d9fc0, 0x00007fe01d2da0e0]
Event: 1.916 Thread 0x00007fe0341b0800 2248       1       org.apache.maven.plugin.descriptor.Parameter::getImplementation (5 bytes)
Event: 1.916 Thread 0x00007fe0341b0800 nmethod 2248 0x00007fe024490790 code [0x00007fe024490940, 0x00007fe0244909f0]
Event: 1.916 Thread 0x00007fe0341b0800 2249       2       org.codehaus.plexus.util.xml.Xpp3Dom::getChild (60 bytes)
Event: 1.917 Thread 0x00007fe0341b0800 nmethod 2249 0x00007fe01d2da190 code [0x00007fe01d2da380, 0x00007fe01d2da640]
Event: 1.917 Thread 0x00007fe0341b0800 2250       2       java.util.LinkedList$ListItr::hasNext (20 bytes)
Event: 1.917 Thread 0x00007fe0341b0800 nmethod 2250 0x00007fe01d2da810 code [0x00007fe01d2da9c0, 0x00007fe01d2daad0]
Event: 1.917 Thread 0x00007fe0341b0800 2251       2       java.util.ArrayList::listIterator (15 bytes)
Event: 1.917 Thread 0x00007fe0341b0800 nmethod 2251 0x00007fe01d2dab90 code [0x00007fe01d2dad60, 0x00007fe01d2db0b0]

GC Heap History (6 events):
Event: 0.593 GC heap before
{Heap before GC invocations=0 (full 0):
 garbage-first heap   total 190464K, used 13312K [0x0000000746800000, 0x0000000800000000)
  region size 1024K, 14 young (14336K), 0 survivors (0K)
 Metaspace       used 11001K, capacity 11177K, committed 11392K, reserved 1058816K
  class space    used 1071K, capacity 1152K, committed 1152K, reserved 1048576K
}
Event: 0.598 GC heap after
{Heap after GC invocations=1 (full 0):
 garbage-first heap   total 190464K, used 3000K [0x0000000746800000, 0x0000000800000000)
  region size 1024K, 2 young (2048K), 2 survivors (2048K)
 Metaspace       used 11001K, capacity 11177K, committed 11392K, reserved 1058816K
  class space    used 1071K, capacity 1152K, committed 1152K, reserved 1048576K
}
Event: 0.886 GC heap before
{Heap before GC invocations=1 (full 0):
 garbage-first heap   total 190464K, used 15288K [0x0000000746800000, 0x0000000800000000)
  region size 1024K, 14 young (14336K), 2 survivors (2048K)
 Metaspace       used 12550K, capacity 12725K, committed 12928K, reserved 1060864K
  class space    used 1275K, capacity 1348K, committed 1408K, reserved 1048576K
}
Event: 0.893 GC heap after
{Heap after GC invocations=2 (full 0):
 garbage-first heap   total 190464K, used 3578K [0x0000000746800000, 0x0000000800000000)
  region size 1024K, 1 young (1024K), 1 survivors (1024K)
 Metaspace       used 12550K, capacity 12725K, committed 12928K, reserved 1060864K
  class space    used 1275K, capacity 1348K, committed 1408K, reserved 1048576K
}
Event: 1.545 GC heap before
{Heap before GC invocations=2 (full 0):
 garbage-first heap   total 190464K, used 36346K [0x0000000746800000, 0x0000000800000000)
  region size 1024K, 33 young (33792K), 1 survivors (1024K)
 Metaspace       used 17543K, capacity 17830K, committed 18176K, reserved 1064960K
  class space    used 1922K, capacity 2038K, committed 2048K, reserved 1048576K
}
Event: 1.548 GC heap after
{Heap after GC invocations=3 (full 0):
 garbage-first heap   total 190464K, used 5403K [0x0000000746800000, 0x0000000800000000)
  region size 1024K, 3 young (3072K), 3 survivors (3072K)
 Metaspace       used 17543K, capacity 17830K, committed 18176K, reserved 1064960K
  class space    used 1922K, capacity 2038K, committed 2048K, reserved 1048576K
}

Deoptimization events (20 events):
Event: 1.795 Thread 0x00007fe034016800 Uncommon trap: trap_request=0xffffff4d fr.pc=0x00007fe02441242c relative=0x000000000000032c
Event: 1.795 Thread 0x00007fe034016800 Uncommon trap: reason=unstable_if action=reinterpret pc=0x00007fe02441242c method=sun.nio.cs.UTF_8$Decoder.decodeArrayLoop(Ljava/nio/ByteBuffer;Ljava/nio/CharBuffer;)Ljava/nio/charset/CoderResult; @ 84 c2
Event: 1.795 Thread 0x00007fe034016800 DEOPT PACKING pc=0x00007fe02441242c sp=0x00007fe038b237c0
Event: 1.795 Thread 0x00007fe034016800 DEOPT UNPACKING pc=0x00007fe01c9287a5 sp=0x00007fe038b23720 mode 2
Event: 1.821 Thread 0x00007fe034016800 DEOPT PACKING pc=0x00007fe01d27c34f sp=0x00007fe038b23c50
Event: 1.821 Thread 0x00007fe034016800 DEOPT UNPACKING pc=0x00007fe01c9285ba sp=0x00007fe038b230f8 mode 0
Event: 1.830 Thread 0x00007fe034016800 DEOPT PACKING pc=0x00007fe01d27c34f sp=0x00007fe038b23ad0
Event: 1.830 Thread 0x00007fe034016800 DEOPT UNPACKING pc=0x00007fe01c9285ba sp=0x00007fe038b22f78 mode 0
Event: 1.840 Thread 0x00007fe034016800 Uncommon trap: trap_request=0xffffff4d fr.pc=0x00007fe024482a60 relative=0x00000000000009c0
Event: 1.840 Thread 0x00007fe034016800 Uncommon trap: reason=unstable_if action=reinterpret pc=0x00007fe024482a60 method=org.codehaus.plexus.util.xml.pull.MXParser.nextImpl()I @ 1161 c2
Event: 1.840 Thread 0x00007fe034016800 DEOPT PACKING pc=0x00007fe024482a60 sp=0x00007fe038b241f0
Event: 1.840 Thread 0x00007fe034016800 DEOPT UNPACKING pc=0x00007fe01c9287a5 sp=0x00007fe038b24160 mode 2
Event: 1.868 Thread 0x00007fe034016800 DEOPT PACKING pc=0x00007fe01d27c34f sp=0x00007fe038b23c50
Event: 1.868 Thread 0x00007fe034016800 DEOPT UNPACKING pc=0x00007fe01c9285ba sp=0x00007fe038b230f8 mode 0
Event: 1.881 Thread 0x00007fe034016800 DEOPT PACKING pc=0x00007fe01d27c34f sp=0x00007fe038b23c50
Event: 1.881 Thread 0x00007fe034016800 DEOPT UNPACKING pc=0x00007fe01c9285ba sp=0x00007fe038b230f8 mode 0
Event: 1.890 Thread 0x00007fe034016800 DEOPT PACKING pc=0x00007fe01d27c34f sp=0x00007fe038b23ad0
Event: 1.890 Thread 0x00007fe034016800 DEOPT UNPACKING pc=0x00007fe01c9285ba sp=0x00007fe038b22f78 mode 0
Event: 1.904 Thread 0x00007fe034016800 DEOPT PACKING pc=0x00007fe01d27c34f sp=0x00007fe038b23c50
Event: 1.904 Thread 0x00007fe034016800 DEOPT UNPACKING pc=0x00007fe01c9285ba sp=0x00007fe038b230f8 mode 0

Classes redefined (0 events):
No events

Internal exceptions (4 events):
Event: 0.231 Thread 0x00007fe034016800 Exception <a 'java/lang/NoSuchMethodError'{0x0000000751e13718}: 'int java.lang.invoke.DirectMethodHandle$Holder.invokeSpecialIFC(java.lang.Object, java.lang.Object, int)'> (0x0000000751e13718) thrown at [src/hotspot/share/interpreter/linkResolver.cpp, line 772]
Event: 1.532 Thread 0x00007fe034016800 Exception <a 'java/lang/NoClassDefFoundError'{0x000000075015fd88}: com/google/inject/servlet/ServletModuleTargetVisitor> (0x000000075015fd88) thrown at [src/hotspot/share/classfile/systemDictionary.cpp, line 220]
Event: 1.532 Thread 0x00007fe034016800 Exception <a 'java/lang/NoClassDefFoundError'{0x000000075015fd88}> (0x000000075015fd88) thrown at [src/hotspot/share/prims/jvm.cpp, line 1301]
Event: 1.532 Thread 0x00007fe034016800 Exception <a 'java/lang/NoClassDefFoundError'{0x0000000750162af0}: javax/annotation/Priority> (0x0000000750162af0) thrown at [src/hotspot/share/classfile/systemDictionary.cpp, line 220]

Events (20 events):
Event: 1.816 loading class org/apache/maven/plugin/descriptor/DuplicateParameterException
Event: 1.816 loading class org/apache/maven/plugin/descriptor/DuplicateParameterException done
Event: 1.817 loading class org/apache/maven/plugin/descriptor/Parameter
Event: 1.817 loading class org/apache/maven/plugin/descriptor/Parameter done
Event: 1.818 loading class org/codehaus/plexus/component/repository/ComponentDependency
Event: 1.818 loading class org/codehaus/plexus/component/repository/ComponentDependency done
Event: 1.818 loading class java/io/RandomAccessFile$1
Event: 1.818 loading class java/io/RandomAccessFile$1 done
Event: 1.818 loading class org/apache/maven/plugin/MavenPluginValidator
Event: 1.818 loading class org/apache/maven/plugin/MavenPluginValidator done
Event: 1.819 loading class org/apache/maven/lifecycle/internal/DefaultMojoExecutionConfigurator
Event: 1.819 loading class org/apache/maven/lifecycle/internal/DefaultMojoExecutionConfigurator done
Event: 1.819 loading class org/apache/maven/lifecycle/internal/DefaultMojoExecutionConfigurator
Event: 1.819 loading class org/apache/maven/lifecycle/internal/DefaultMojoExecutionConfigurator done
Event: 1.819 loading class org/apache/maven/lifecycle/internal/DefaultMojoExecutionConfigurator
Event: 1.819 loading class org/apache/maven/lifecycle/internal/DefaultMojoExecutionConfigurator done
Event: 1.863 loading class org/codehaus/plexus/component/repository/ComponentRequirement
Event: 1.863 loading class org/codehaus/plexus/component/repository/ComponentRequirement done
Event: 1.882 loading class org/apache/maven/model/Exclusion
Event: 1.882 loading class org/apache/maven/model/Exclusion done


Dynamic libraries:
746800000-752200000 rw-p 00000000 00:00 0 
752200000-800000000 ---p 00000000 00:00 0 
800000000-800260000 rw-p 00000000 00:00 0 
800260000-840000000 ---p 00000000 00:00 0 
558afa187000-558afa188000 r--p 00000000 08:07 2635132                    /usr/lib/jvm/java-11-openjdk-amd64/bin/java
558afa188000-558afa189000 r-xp 00001000 08:07 2635132                    /usr/lib/jvm/java-11-openjdk-amd64/bin/java
558afa189000-558afa18a000 r--p 00002000 08:07 2635132                    /usr/lib/jvm/java-11-openjdk-amd64/bin/java
558afa18a000-558afa18b000 r--p 00002000 08:07 2635132                    /usr/lib/jvm/java-11-openjdk-amd64/bin/java
558afa18b000-558afa18c000 rw-p 00003000 08:07 2635132                    /usr/lib/jvm/java-11-openjdk-amd64/bin/java
558afa764000-558afa785000 rw-p 00000000 00:00 0                          [heap]
7fdfc0000000-7fdfc0021000 rw-p 00000000 00:00 0 
7fdfc0021000-7fdfc4000000 ---p 00000000 00:00 0 
7fdfc8000000-7fdfc8021000 rw-p 00000000 00:00 0 
7fdfc8021000-7fdfcc000000 ---p 00000000 00:00 0 
7fdfcc000000-7fdfcc021000 rw-p 00000000 00:00 0 
7fdfcc021000-7fdfd0000000 ---p 00000000 00:00 0 
7fdfd0000000-7fdfd0021000 rw-p 00000000 00:00 0 
7fdfd0021000-7fdfd4000000 ---p 00000000 00:00 0 
7fdfd4000000-7fdfd4a09000 rw-p 00000000 00:00 0 
7fdfd4a09000-7fdfd8000000 ---p 00000000 00:00 0 
7fdfd8000000-7fdfd8021000 rw-p 00000000 00:00 0 
7fdfd8021000-7fdfdc000000 ---p 00000000 00:00 0 
7fdfdc000000-7fdfdc021000 rw-p 00000000 00:00 0 
7fdfdc021000-7fdfe0000000 ---p 00000000 00:00 0 
7fdfe0000000-7fdfe0571000 rw-p 00000000 00:00 0 
7fdfe0571000-7fdfe4000000 ---p 00000000 00:00 0 
7fdfe4000000-7fdfe4021000 rw-p 00000000 00:00 0 
7fdfe4021000-7fdfe8000000 ---p 00000000 00:00 0 
7fdfe8000000-7fdfe8021000 rw-p 00000000 00:00 0 
7fdfe8021000-7fdfec000000 ---p 00000000 00:00 0 
7fdfec000000-7fdfec673000 rw-p 00000000 00:00 0 
7fdfec673000-7fdff0000000 ---p 00000000 00:00 0 
7fdff0000000-7fdff0021000 rw-p 00000000 00:00 0 
7fdff0021000-7fdff4000000 ---p 00000000 00:00 0 
7fdff4000000-7fdff4021000 rw-p 00000000 00:00 0 
7fdff4021000-7fdff8000000 ---p 00000000 00:00 0 
7fdff8000000-7fdff8021000 rw-p 00000000 00:00 0 
7fdff8021000-7fdffc000000 ---p 00000000 00:00 0 
7fdffc000000-7fdffc021000 rw-p 00000000 00:00 0 
7fdffc021000-7fe000000000 ---p 00000000 00:00 0 
7fe000000000-7fe000021000 rw-p 00000000 00:00 0 
7fe000021000-7fe004000000 ---p 00000000 00:00 0 
7fe004000000-7fe004021000 rw-p 00000000 00:00 0 
7fe004021000-7fe008000000 ---p 00000000 00:00 0 
7fe0089f1000-7fe008a5d000 rw-p 00000000 00:00 0 
7fe008a5d000-7fe008bf1000 ---p 00000000 00:00 0 
7fe008bf1000-7fe008df1000 rw-p 00000000 00:00 0 
7fe008df1000-7fe008ff1000 rw-p 00000000 00:00 0 
7fe008ff1000-7fe0091f1000 rw-p 00000000 00:00 0 
7fe0091f1000-7fe0093f1000 rw-p 00000000 00:00 0 
7fe0093f1000-7fe0093f2000 ---p 00000000 00:00 0 
7fe0093f2000-7fe0094f3000 rw-p 00000000 00:00 0 
7fe0094f3000-7fe0094f4000 ---p 00000000 00:00 0 
7fe0094f4000-7fe0095f5000 rw-p 00000000 00:00 0 
7fe0095f5000-7fe0095f6000 ---p 00000000 00:00 0 
7fe0095f6000-7fe0096f7000 rw-p 00000000 00:00 0 
7fe0096f7000-7fe0096fb000 ---p 00000000 00:00 0 
7fe0096fb000-7fe0099f8000 rw-p 00000000 00:00 0 
7fe0099f8000-7fe0099fb000 r-xp 00000000 07:19 2330                       /snap/netbeans/35/netbeans/java/maven/lib/jansi-native/linux64/libjansi.so
7fe0099fb000-7fe009bfa000 ---p 00003000 07:19 2330                       /snap/netbeans/35/netbeans/java/maven/lib/jansi-native/linux64/libjansi.so
7fe009bfa000-7fe009bfb000 rw-p 00002000 07:19 2330                       /snap/netbeans/35/netbeans/java/maven/lib/jansi-native/linux64/libjansi.so
7fe009bfb000-7fe009bff000 ---p 00000000 00:00 0 
7fe009bff000-7fe009cfc000 rw-p 00000000 00:00 0 
7fe009cfc000-7fe009cfd000 ---p 00000000 00:00 0 
7fe009cfd000-7fe009dfe000 rw-p 00000000 00:00 0 
7fe009dfe000-7fe009e02000 ---p 00000000 00:00 0 
7fe009e02000-7fe009eff000 rw-p 00000000 00:00 0 
7fe009eff000-7fe009f03000 ---p 00000000 00:00 0 
7fe009f03000-7fe00c000000 rw-p 00000000 00:00 0 
7fe00c000000-7fe00c021000 rw-p 00000000 00:00 0 
7fe00c021000-7fe010000000 ---p 00000000 00:00 0 
7fe01001f000-7fe010050000 rw-p 00000000 00:00 0 
7fe010050000-7fe010054000 ---p 00000000 00:00 0 
7fe010054000-7fe010151000 rw-p 00000000 00:00 0 
7fe010151000-7fe010155000 ---p 00000000 00:00 0 
7fe010155000-7fe010252000 rw-p 00000000 00:00 0 
7fe010252000-7fe010256000 ---p 00000000 00:00 0 
7fe010256000-7fe010353000 rw-p 00000000 00:00 0 
7fe010353000-7fe0108c3000 r--p 00000000 08:07 2622560                    /usr/lib/locale/locale-archive
7fe0108c3000-7fe0108c7000 ---p 00000000 00:00 0 
7fe0108c7000-7fe0109c4000 rw-p 00000000 00:00 0 
7fe0109c4000-7fe0109c8000 ---p 00000000 00:00 0 
7fe0109c8000-7fe010ac5000 rw-p 00000000 00:00 0 
7fe010ac5000-7fe010ac6000 ---p 00000000 00:00 0 
7fe010ac6000-7fe0114a3000 rw-p 00000000 00:00 0 
7fe0114a3000-7fe0114a4000 ---p 00000000 00:00 0 
7fe0114a4000-7fe0115a5000 rw-p 00000000 00:00 0 
7fe0115a5000-7fe0115a6000 ---p 00000000 00:00 0 
7fe0115a6000-7fe011a90000 rw-p 00000000 00:00 0 
7fe011a90000-7fe014608000 ---p 00000000 00:00 0 
7fe014608000-7fe0148f0000 rw-p 00000000 00:00 0 
7fe0148f0000-7fe017468000 ---p 00000000 00:00 0 
7fe017468000-7fe0174c5000 rw-p 00000000 00:00 0 
7fe0174c5000-7fe017a34000 ---p 00000000 00:00 0 
7fe017a34000-7fe017a91000 rw-p 00000000 00:00 0 
7fe017a91000-7fe018000000 ---p 00000000 00:00 0 
7fe018000000-7fe018021000 rw-p 00000000 00:00 0 
7fe018021000-7fe01c000000 ---p 00000000 00:00 0 
7fe01c001000-7fe01c002000 r--p 00000000 08:07 2623635                    /usr/lib/x86_64-linux-gnu/libutil-2.31.so
7fe01c002000-7fe01c003000 r-xp 00001000 08:07 2623635                    /usr/lib/x86_64-linux-gnu/libutil-2.31.so
7fe01c003000-7fe01c004000 r--p 00002000 08:07 2623635                    /usr/lib/x86_64-linux-gnu/libutil-2.31.so
7fe01c004000-7fe01c005000 r--p 00002000 08:07 2623635                    /usr/lib/x86_64-linux-gnu/libutil-2.31.so
7fe01c005000-7fe01c006000 rw-p 00003000 08:07 2623635                    /usr/lib/x86_64-linux-gnu/libutil-2.31.so
7fe01c006000-7fe01c00a000 r--p 00000000 08:07 2635285                    /usr/lib/jvm/java-11-openjdk-amd64/lib/libnet.so
7fe01c00a000-7fe01c019000 r-xp 00004000 08:07 2635285                    /usr/lib/jvm/java-11-openjdk-amd64/lib/libnet.so
7fe01c019000-7fe01c01d000 r--p 00013000 08:07 2635285                    /usr/lib/jvm/java-11-openjdk-amd64/lib/libnet.so
7fe01c01d000-7fe01c01e000 r--p 00016000 08:07 2635285                    /usr/lib/jvm/java-11-openjdk-amd64/lib/libnet.so
7fe01c01e000-7fe01c01f000 rw-p 00017000 08:07 2635285                    /usr/lib/jvm/java-11-openjdk-amd64/lib/libnet.so
7fe01c01f000-7fe01c026000 r--p 00000000 08:07 2635286                    /usr/lib/jvm/java-11-openjdk-amd64/lib/libnio.so
7fe01c026000-7fe01c02e000 r-xp 00007000 08:07 2635286                    /usr/lib/jvm/java-11-openjdk-amd64/lib/libnio.so
7fe01c02e000-7fe01c031000 r--p 0000f000 08:07 2635286                    /usr/lib/jvm/java-11-openjdk-amd64/lib/libnio.so
7fe01c031000-7fe01c032000 r--p 00011000 08:07 2635286                    /usr/lib/jvm/java-11-openjdk-amd64/lib/libnio.so
7fe01c032000-7fe01c033000 rw-p 00012000 08:07 2635286                    /usr/lib/jvm/java-11-openjdk-amd64/lib/libnio.so
7fe01c033000-7fe01c393000 rw-p 00000000 00:00 0 
7fe01c393000-7fe01c902000 ---p 00000000 00:00 0 
7fe01c902000-7fe01cb72000 rwxp 00000000 00:00 0 
7fe01cb72000-7fe01ce92000 ---p 00000000 00:00 0 
7fe01ce92000-7fe01d312000 rwxp 00000000 00:00 0 
7fe01d312000-7fe0243ca000 ---p 00000000 00:00 0 
7fe0243ca000-7fe02463a000 rwxp 00000000 00:00 0 
7fe02463a000-7fe02b902000 ---p 00000000 00:00 0 
7fe02b902000-7fe034000000 r--s 00000000 08:07 2635295                    /usr/lib/jvm/java-11-openjdk-amd64/lib/modules
7fe034000000-7fe034b85000 rw-p 00000000 00:00 0 
7fe034b85000-7fe038000000 ---p 00000000 00:00 0 
7fe038000000-7fe03806a000 rw-p 00000000 00:00 0 
7fe03806a000-7fe03806b000 ---p 00000000 00:00 0 
7fe03806b000-7fe03816c000 rw-p 00000000 00:00 0 
7fe03816c000-7fe03816d000 ---p 00000000 00:00 0 
7fe03816d000-7fe0386d5000 rw-p 00000000 00:00 0 
7fe0386d5000-7fe0386d6000 ---p 00000000 00:00 0 
7fe0386d6000-7fe0387dc000 rw-p 00000000 00:00 0 
7fe0387dc000-7fe0388c2000 ---p 00000000 00:00 0 
7fe0388c2000-7fe0388cb000 rw-p 00000000 00:00 0 
7fe0388cb000-7fe0389ad000 ---p 00000000 00:00 0 
7fe0389ad000-7fe0389b2000 rw-p 00000000 00:00 0 
7fe0389b2000-7fe0389b9000 ---p 00000000 00:00 0 
7fe0389b9000-7fe0389bb000 r--s 0000c000 08:07 3287439                    /usr/share/java/java-atk-wrapper.jar
7fe0389bb000-7fe0389be000 r--p 00000000 08:07 2623626                    /usr/lib/x86_64-linux-gnu/libnss_files-2.31.so
7fe0389be000-7fe0389c5000 r-xp 00003000 08:07 2623626                    /usr/lib/x86_64-linux-gnu/libnss_files-2.31.so
7fe0389c5000-7fe0389c7000 r--p 0000a000 08:07 2623626                    /usr/lib/x86_64-linux-gnu/libnss_files-2.31.so
7fe0389c7000-7fe0389c8000 r--p 0000b000 08:07 2623626                    /usr/lib/x86_64-linux-gnu/libnss_files-2.31.so
7fe0389c8000-7fe0389c9000 rw-p 0000c000 08:07 2623626                    /usr/lib/x86_64-linux-gnu/libnss_files-2.31.so
7fe0389c9000-7fe0389cf000 rw-p 00000000 00:00 0 
7fe0389d0000-7fe0389d2000 r--p 00000000 08:07 2635294                    /usr/lib/jvm/java-11-openjdk-amd64/lib/libzip.so
7fe0389d2000-7fe0389d6000 r-xp 00002000 08:07 2635294                    /usr/lib/jvm/java-11-openjdk-amd64/lib/libzip.so
7fe0389d6000-7fe0389d8000 r--p 00006000 08:07 2635294                    /usr/lib/jvm/java-11-openjdk-amd64/lib/libzip.so
7fe0389d8000-7fe0389d9000 r--p 00007000 08:07 2635294                    /usr/lib/jvm/java-11-openjdk-amd64/lib/libzip.so
7fe0389d9000-7fe0389da000 rw-p 00008000 08:07 2635294                    /usr/lib/jvm/java-11-openjdk-amd64/lib/libzip.so
7fe0389da000-7fe0389e2000 rw-s 00000000 08:07 2100821                    /tmp/hsperfdata_james/26916
7fe0389e2000-7fe0389e3000 ---p 00000000 00:00 0 
7fe0389e3000-7fe0389e4000 r--p 00000000 00:00 0 
7fe0389e4000-7fe0389e6000 r--p 00000000 08:07 2635277                    /usr/lib/jvm/java-11-openjdk-amd64/lib/libjimage.so
7fe0389e6000-7fe0389e9000 r-xp 00002000 08:07 2635277                    /usr/lib/jvm/java-11-openjdk-amd64/lib/libjimage.so
7fe0389e9000-7fe0389ea000 r--p 00005000 08:07 2635277                    /usr/lib/jvm/java-11-openjdk-amd64/lib/libjimage.so
7fe0389ea000-7fe0389eb000 ---p 00006000 08:07 2635277                    /usr/lib/jvm/java-11-openjdk-amd64/lib/libjimage.so
7fe0389eb000-7fe0389ec000 r--p 00006000 08:07 2635277                    /usr/lib/jvm/java-11-openjdk-amd64/lib/libjimage.so
7fe0389ec000-7fe0389ed000 rw-p 00007000 08:07 2635277                    /usr/lib/jvm/java-11-openjdk-amd64/lib/libjimage.so
7fe0389ed000-7fe0389fb000 r--p 00000000 08:07 2635273                    /usr/lib/jvm/java-11-openjdk-amd64/lib/libjava.so
7fe0389fb000-7fe038a11000 r-xp 0000e000 08:07 2635273                    /usr/lib/jvm/java-11-openjdk-amd64/lib/libjava.so
7fe038a11000-7fe038a18000 r--p 00024000 08:07 2635273                    /usr/lib/jvm/java-11-openjdk-amd64/lib/libjava.so
7fe038a18000-7fe038a19000 r--p 0002a000 08:07 2635273                    /usr/lib/jvm/java-11-openjdk-amd64/lib/libjava.so
7fe038a19000-7fe038a1a000 rw-p 0002b000 08:07 2635273                    /usr/lib/jvm/java-11-openjdk-amd64/lib/libjava.so
7fe038a1a000-7fe038a1b000 rw-p 00000000 00:00 0 
7fe038a1b000-7fe038a1e000 r--p 00000000 08:07 2623633                    /usr/lib/x86_64-linux-gnu/librt-2.31.so
7fe038a1e000-7fe038a22000 r-xp 00003000 08:07 2623633                    /usr/lib/x86_64-linux-gnu/librt-2.31.so
7fe038a22000-7fe038a23000 r--p 00007000 08:07 2623633                    /usr/lib/x86_64-linux-gnu/librt-2.31.so
7fe038a23000-7fe038a24000 ---p 00008000 08:07 2623633                    /usr/lib/x86_64-linux-gnu/librt-2.31.so
7fe038a24000-7fe038a25000 r--p 00008000 08:07 2623633                    /usr/lib/x86_64-linux-gnu/librt-2.31.so
7fe038a25000-7fe038a26000 rw-p 00009000 08:07 2623633                    /usr/lib/x86_64-linux-gnu/librt-2.31.so
7fe038a26000-7fe038a2a000 ---p 00000000 00:00 0 
7fe038a2a000-7fe038b27000 rw-p 00000000 00:00 0 
7fe038b27000-7fe038b2a000 r--p 00000000 08:07 2630070                    /usr/lib/x86_64-linux-gnu/libgcc_s.so.1
7fe038b2a000-7fe038b3c000 r-xp 00003000 08:07 2630070                    /usr/lib/x86_64-linux-gnu/libgcc_s.so.1
7fe038b3c000-7fe038b40000 r--p 00015000 08:07 2630070                    /usr/lib/x86_64-linux-gnu/libgcc_s.so.1
7fe038b40000-7fe038b41000 r--p 00018000 08:07 2630070                    /usr/lib/x86_64-linux-gnu/libgcc_s.so.1
7fe038b41000-7fe038b42000 rw-p 00019000 08:07 2630070                    /usr/lib/x86_64-linux-gnu/libgcc_s.so.1
7fe038b42000-7fe038b51000 r--p 00000000 08:07 2623620                    /usr/lib/x86_64-linux-gnu/libm-2.31.so
7fe038b51000-7fe038bf8000 r-xp 0000f000 08:07 2623620                    /usr/lib/x86_64-linux-gnu/libm-2.31.so
7fe038bf8000-7fe038c8f000 r--p 000b6000 08:07 2623620                    /usr/lib/x86_64-linux-gnu/libm-2.31.so
7fe038c8f000-7fe038c90000 r--p 0014c000 08:07 2623620                    /usr/lib/x86_64-linux-gnu/libm-2.31.so
7fe038c90000-7fe038c91000 rw-p 0014d000 08:07 2623620                    /usr/lib/x86_64-linux-gnu/libm-2.31.so
7fe038c91000-7fe038d27000 r--p 00000000 08:07 2630853                    /usr/lib/x86_64-linux-gnu/libstdc++.so.6.0.28
7fe038d27000-7fe038e17000 r-xp 00096000 08:07 2630853                    /usr/lib/x86_64-linux-gnu/libstdc++.so.6.0.28
7fe038e17000-7fe038e60000 r--p 00186000 08:07 2630853                    /usr/lib/x86_64-linux-gnu/libstdc++.so.6.0.28
7fe038e60000-7fe038e61000 ---p 001cf000 08:07 2630853                    /usr/lib/x86_64-linux-gnu/libstdc++.so.6.0.28
7fe038e61000-7fe038e6c000 r--p 001cf000 08:07 2630853                    /usr/lib/x86_64-linux-gnu/libstdc++.so.6.0.28
7fe038e6c000-7fe038e6f000 rw-p 001da000 08:07 2630853                    /usr/lib/x86_64-linux-gnu/libstdc++.so.6.0.28
7fe038e6f000-7fe038e72000 rw-p 00000000 00:00 0 
7fe038e72000-7fe0390df000 r--p 00000000 08:07 2635300                    /usr/lib/jvm/java-11-openjdk-amd64/lib/server/libjvm.so
7fe0390df000-7fe039c73000 r-xp 0026d000 08:07 2635300                    /usr/lib/jvm/java-11-openjdk-amd64/lib/server/libjvm.so
7fe039c73000-7fe039eaa000 r--p 00e01000 08:07 2635300                    /usr/lib/jvm/java-11-openjdk-amd64/lib/server/libjvm.so
7fe039eaa000-7fe039f67000 r--p 01037000 08:07 2635300                    /usr/lib/jvm/java-11-openjdk-amd64/lib/server/libjvm.so
7fe039f67000-7fe039fa0000 rw-p 010f4000 08:07 2635300                    /usr/lib/jvm/java-11-openjdk-amd64/lib/server/libjvm.so
7fe039fa0000-7fe039ff9000 rw-p 00000000 00:00 0 
7fe039ff9000-7fe03a000000 r--p 00000000 08:07 2623631                    /usr/lib/x86_64-linux-gnu/libpthread-2.31.so
7fe03a000000-7fe03a011000 r-xp 00007000 08:07 2623631                    /usr/lib/x86_64-linux-gnu/libpthread-2.31.so
7fe03a011000-7fe03a016000 r--p 00018000 08:07 2623631                    /usr/lib/x86_64-linux-gnu/libpthread-2.31.so
7fe03a016000-7fe03a017000 r--p 0001c000 08:07 2623631                    /usr/lib/x86_64-linux-gnu/libpthread-2.31.so
7fe03a017000-7fe03a018000 rw-p 0001d000 08:07 2623631                    /usr/lib/x86_64-linux-gnu/libpthread-2.31.so
7fe03a018000-7fe03a01c000 rw-p 00000000 00:00 0 
7fe03a01c000-7fe03a01d000 r--p 00000000 08:07 2623619                    /usr/lib/x86_64-linux-gnu/libdl-2.31.so
7fe03a01d000-7fe03a01f000 r-xp 00001000 08:07 2623619                    /usr/lib/x86_64-linux-gnu/libdl-2.31.so
7fe03a01f000-7fe03a020000 r--p 00003000 08:07 2623619                    /usr/lib/x86_64-linux-gnu/libdl-2.31.so
7fe03a020000-7fe03a021000 r--p 00003000 08:07 2623619                    /usr/lib/x86_64-linux-gnu/libdl-2.31.so
7fe03a021000-7fe03a022000 rw-p 00004000 08:07 2623619                    /usr/lib/x86_64-linux-gnu/libdl-2.31.so
7fe03a022000-7fe03a024000 r--p 00000000 08:07 2631115                    /usr/lib/x86_64-linux-gnu/libz.so.1.2.11
7fe03a024000-7fe03a035000 r-xp 00002000 08:07 2631115                    /usr/lib/x86_64-linux-gnu/libz.so.1.2.11
7fe03a035000-7fe03a03b000 r--p 00013000 08:07 2631115                    /usr/lib/x86_64-linux-gnu/libz.so.1.2.11
7fe03a03b000-7fe03a03c000 ---p 00019000 08:07 2631115                    /usr/lib/x86_64-linux-gnu/libz.so.1.2.11
7fe03a03c000-7fe03a03d000 r--p 00019000 08:07 2631115                    /usr/lib/x86_64-linux-gnu/libz.so.1.2.11
7fe03a03d000-7fe03a03e000 rw-p 0001a000 08:07 2631115                    /usr/lib/x86_64-linux-gnu/libz.so.1.2.11
7fe03a03e000-7fe03a063000 r--p 00000000 08:07 2623618                    /usr/lib/x86_64-linux-gnu/libc-2.31.so
7fe03a063000-7fe03a1db000 r-xp 00025000 08:07 2623618                    /usr/lib/x86_64-linux-gnu/libc-2.31.so
7fe03a1db000-7fe03a225000 r--p 0019d000 08:07 2623618                    /usr/lib/x86_64-linux-gnu/libc-2.31.so
7fe03a225000-7fe03a226000 ---p 001e7000 08:07 2623618                    /usr/lib/x86_64-linux-gnu/libc-2.31.so
7fe03a226000-7fe03a229000 r--p 001e7000 08:07 2623618                    /usr/lib/x86_64-linux-gnu/libc-2.31.so
7fe03a229000-7fe03a22c000 rw-p 001ea000 08:07 2623618                    /usr/lib/x86_64-linux-gnu/libc-2.31.so
7fe03a22c000-7fe03a230000 rw-p 00000000 00:00 0 
7fe03a231000-7fe03a236000 r--p 00000000 08:07 2635293                    /usr/lib/jvm/java-11-openjdk-amd64/lib/libverify.so
7fe03a236000-7fe03a23d000 r-xp 00005000 08:07 2635293                    /usr/lib/jvm/java-11-openjdk-amd64/lib/libverify.so
7fe03a23d000-7fe03a23f000 r--p 0000c000 08:07 2635293                    /usr/lib/jvm/java-11-openjdk-amd64/lib/libverify.so
7fe03a23f000-7fe03a240000 ---p 0000e000 08:07 2635293                    /usr/lib/jvm/java-11-openjdk-amd64/lib/libverify.so
7fe03a240000-7fe03a242000 r--p 0000e000 08:07 2635293                    /usr/lib/jvm/java-11-openjdk-amd64/lib/libverify.so
7fe03a242000-7fe03a243000 rw-p 00010000 08:07 2635293                    /usr/lib/jvm/java-11-openjdk-amd64/lib/libverify.so
7fe03a243000-7fe03a246000 r--p 00000000 08:07 2635257                    /usr/lib/jvm/java-11-openjdk-amd64/lib/jli/libjli.so
7fe03a246000-7fe03a250000 r-xp 00003000 08:07 2635257                    /usr/lib/jvm/java-11-openjdk-amd64/lib/jli/libjli.so
7fe03a250000-7fe03a253000 r--p 0000d000 08:07 2635257                    /usr/lib/jvm/java-11-openjdk-amd64/lib/jli/libjli.so
7fe03a253000-7fe03a254000 ---p 00010000 08:07 2635257                    /usr/lib/jvm/java-11-openjdk-amd64/lib/jli/libjli.so
7fe03a254000-7fe03a255000 r--p 00010000 08:07 2635257                    /usr/lib/jvm/java-11-openjdk-amd64/lib/jli/libjli.so
7fe03a255000-7fe03a256000 rw-p 00011000 08:07 2635257                    /usr/lib/jvm/java-11-openjdk-amd64/lib/jli/libjli.so
7fe03a256000-7fe03a258000 rw-p 00000000 00:00 0 
7fe03a258000-7fe03a259000 r--p 00000000 08:07 2623613                    /usr/lib/x86_64-linux-gnu/ld-2.31.so
7fe03a259000-7fe03a27c000 r-xp 00001000 08:07 2623613                    /usr/lib/x86_64-linux-gnu/ld-2.31.so
7fe03a27c000-7fe03a284000 r--p 00024000 08:07 2623613                    /usr/lib/x86_64-linux-gnu/ld-2.31.so
7fe03a285000-7fe03a286000 r--p 0002c000 08:07 2623613                    /usr/lib/x86_64-linux-gnu/ld-2.31.so
7fe03a286000-7fe03a287000 rw-p 0002d000 08:07 2623613                    /usr/lib/x86_64-linux-gnu/ld-2.31.so
7fe03a287000-7fe03a288000 rw-p 00000000 00:00 0 
7ffc9f609000-7ffc9f62a000 rw-p 00000000 00:00 0                          [stack]
7ffc9f6e2000-7ffc9f6e5000 r--p 00000000 00:00 0                          [vvar]
7ffc9f6e5000-7ffc9f6e6000 r-xp 00000000 00:00 0                          [vdso]
ffffffffff600000-ffffffffff601000 --xp 00000000 00:00 0                  [vsyscall]


VM Arguments:
jvm_args: -Dclassworlds.conf=/snap/netbeans/35/netbeans/java/maven/bin/m2.conf -Dmaven.home=/snap/netbeans/35/netbeans/java/maven -Dlibrary.jansi.path=/snap/netbeans/35/netbeans/java/maven/lib/jansi-native -Dmaven.multiModuleProjectDirectory=/home/james/NetBeansProjects/hospitalJames 
java_command: org.codehaus.plexus.classworlds.launcher.Launcher -Dmaven.ext.class.path=/snap/netbeans/35/netbeans/java/maven-nblib/netbeans-eventspy.jar clean install
java_class_path (initial): /snap/netbeans/35/netbeans/java/maven/boot/plexus-classworlds-2.6.0.jar
Launcher Type: SUN_STANDARD

[Global flags]
     intx CICompilerCount                          = 3                                         {product} {ergonomic}
     uint ConcGCThreads                            = 1                                         {product} {ergonomic}
     uint G1ConcRefinementThreads                  = 4                                         {product} {ergonomic}
   size_t G1HeapRegionSize                         = 1048576                                   {product} {ergonomic}
    uintx GCDrainStackTargetSize                   = 64                                        {product} {ergonomic}
   size_t InitialHeapSize                          = 195035136                                 {product} {ergonomic}
   size_t MarkStackSize                            = 4194304                                   {product} {ergonomic}
   size_t MaxHeapSize                              = 3112173568                                {product} {ergonomic}
   size_t MaxNewSize                               = 1866465280                                {product} {ergonomic}
   size_t MinHeapDeltaBytes                        = 1048576                                   {product} {ergonomic}
    uintx NonNMethodCodeHeapSize                   = 5830732                                {pd product} {ergonomic}
    uintx NonProfiledCodeHeapSize                  = 122913754                              {pd product} {ergonomic}
    uintx ProfiledCodeHeapSize                     = 122913754                              {pd product} {ergonomic}
    uintx ReservedCodeCacheSize                    = 251658240                              {pd product} {ergonomic}
     bool SegmentedCodeCache                       = true                                      {product} {ergonomic}
     bool UseCompressedClassPointers               = true                                 {lp64_product} {ergonomic}
     bool UseCompressedOops                        = true                                 {lp64_product} {ergonomic}
     bool UseG1GC                                  = true                                      {product} {ergonomic}

Logging:
Log output configuration:
 #0: stdout all=warning uptime,level,tags
 #1: stderr all=off uptime,level,tags

Environment Variables:
JAVA_HOME=/usr/lib/jvm/java-11-openjdk-amd64
PATH=/usr/local/sbin:/usr/local/bin:/usr/sbin:/usr/bin:/sbin:/bin:/usr/games:/usr/local/games:/snap/bin
USERNAME=james
SHELL=/bin/bash
DISPLAY=:0
LANG=en_US.UTF-8

Signal Handlers:
SIGSEGV: [libjvm.so+0xd8e010], sa_mask[0]=11111111011111111101111111111110, sa_flags=SA_RESTART|SA_SIGINFO
SIGBUS: [libjvm.so+0xd8e010], sa_mask[0]=11111111011111111101111111111110, sa_flags=SA_RESTART|SA_SIGINFO
SIGFPE: [libjvm.so+0xd8e010], sa_mask[0]=11111111011111111101111111111110, sa_flags=SA_RESTART|SA_SIGINFO
SIGPIPE: [libjvm.so+0xb86b30], sa_mask[0]=11111111011111111101111111111110, sa_flags=SA_RESTART|SA_SIGINFO
SIGXFSZ: [libjvm.so+0xb86b30], sa_mask[0]=11111111011111111101111111111110, sa_flags=SA_RESTART|SA_SIGINFO
SIGILL: [libjvm.so+0xd8e010], sa_mask[0]=11111111011111111101111111111110, sa_flags=SA_RESTART|SA_SIGINFO
SIGUSR2: [libjvm.so+0xb869d0], sa_mask[0]=00100000000000000000000000000000, sa_flags=SA_RESTART|SA_SIGINFO
SIGHUP: [libjvm.so+0xb86e70], sa_mask[0]=11111111011111111101111111111110, sa_flags=SA_RESTART|SA_SIGINFO
SIGINT: SIG_IGN, sa_mask[0]=00000000000000000000000000000000, sa_flags=none
SIGTERM: [libjvm.so+0xb86e70], sa_mask[0]=11111111011111111101111111111110, sa_flags=SA_RESTART|SA_SIGINFO
SIGQUIT: [libjvm.so+0xb86e70], sa_mask[0]=11111111011111111101111111111110, sa_flags=SA_RESTART|SA_SIGINFO


---------------  S Y S T E M  ---------------

OS:DISTRIB_ID=Ubuntu
DISTRIB_RELEASE=20.04
DISTRIB_CODENAME=focal
DISTRIB_DESCRIPTION="Ubuntu 20.04.1 LTS"
uname:Linux 5.4.0-48-generic #52-Ubuntu SMP Thu Sep 10 10:58:49 UTC 2020 x86_64
OS uptime: 0 days 13:33 hours
libc:glibc 2.31 NPTL 2.31 
rlimit (soft/hard): STACK 8192k/infinity , CORE 0k/infinity , NPROC 47248/47248 , NOFILE 1048576/1048576 , AS infinity/infinity , CPU infinity/infinity , DATA infinity/infinity , FSIZE infinity/infinity , MEMLOCK 65536k/65536k
load average:0.97 0.83 0.85

/proc/meminfo:
MemTotal:       12152112 kB
MemFree:         2010696 kB
MemAvailable:    3894080 kB
Buffers:          384296 kB
Cached:          2252392 kB
SwapCached:         3272 kB
Active:          8248548 kB
Inactive:        1357100 kB
Active(anon):    6892032 kB
Inactive(anon):   663708 kB
Active(file):    1356516 kB
Inactive(file):   693392 kB
Unevictable:       95912 kB
Mlocked:              72 kB
SwapTotal:      12581884 kB
SwapFree:       12507388 kB
Dirty:               292 kB
Writeback:             0 kB
AnonPages:       7063052 kB
Mapped:          1131100 kB
Shmem:            591708 kB
KReclaimable:     147908 kB
Slab:             302020 kB
SReclaimable:     147908 kB
SUnreclaim:       154112 kB
KernelStack:       21040 kB
PageTables:        51260 kB
NFS_Unstable:          0 kB
Bounce:                0 kB
WritebackTmp:          0 kB
CommitLimit:    18657940 kB
Committed_AS:   14257560 kB
VmallocTotal:   34359738367 kB
VmallocUsed:       42060 kB
VmallocChunk:          0 kB
Percpu:             3504 kB
HardwareCorrupted:     0 kB
AnonHugePages:         0 kB
ShmemHugePages:        0 kB
ShmemPmdMapped:        0 kB
FileHugePages:         0 kB
FilePmdMapped:         0 kB
CmaTotal:              0 kB
CmaFree:               0 kB
HugePages_Total:       0
HugePages_Free:        0
HugePages_Rsvd:        0
HugePages_Surp:        0
Hugepagesize:       2048 kB
Hugetlb:               0 kB
DirectMap4k:      362100 kB
DirectMap2M:    12103680 kB
DirectMap1G:           0 kB

/sys/kernel/mm/transparent_hugepage/enabled:
always [madvise] never

/sys/kernel/mm/transparent_hugepage/defrag (defrag/compaction efforts parameter):
always defer defer+madvise [madvise] never


/proc/sys/kernel/threads-max (system-wide limit on the number of threads):
94497


/proc/sys/vm/max_map_count (maximum number of memory map areas a process may have):
65530


/proc/sys/kernel/pid_max (system-wide limit on number of process identifiers):
4194304



container (cgroup) information:
container_type: cgroupv1
cpu_cpuset_cpus: 0-3
cpu_memory_nodes: 0
active_processor_count: 4
cpu_quota: -1
cpu_period: 100000
cpu_shares: -1
memory_limit_in_bytes: -1
memory_and_swap_limit_in_bytes: -2
memory_soft_limit_in_bytes: -1
memory_usage_in_bytes: 8894275584
memory_max_usage_in_bytes: 11118247936

Steal ticks since vm start: 0
Steal ticks percentage since vm start:  0.000

CPU:total 4 (initial active 4) (2 cores per cpu, 2 threads per core) family 6 model 142 stepping 9, cmov, cx8, fxsr, mmx, sse, sse2, sse3, ssse3, sse4.1, sse4.2, popcnt, avx, avx2, aes, clmul, erms, 3dnowpref, lzcnt, ht, tsc, tscinvbit, bmi1, bmi2, adx, fma
CPU Model and flags from /proc/cpuinfo:
model name	: Intel(R) Core(TM) i5-7200U CPU @ 2.50GHz
flags		: fpu vme de pse tsc msr pae mce cx8 apic sep mtrr pge mca cmov pat pse36 clflush dts acpi mmx fxsr sse sse2 ss ht tm pbe syscall nx pdpe1gb rdtscp lm constant_tsc art arch_perfmon pebs bts rep_good nopl xtopology nonstop_tsc cpuid aperfmperf pni pclmulqdq dtes64 monitor ds_cpl vmx est tm2 ssse3 sdbg fma cx16 xtpr pdcm pcid sse4_1 sse4_2 x2apic movbe popcnt tsc_deadline_timer aes xsave avx f16c rdrand lahf_lm abm 3dnowprefetch cpuid_fault epb invpcid_single pti ssbd ibrs ibpb stibp tpr_shadow vnmi flexpriority ept vpid ept_ad fsgsbase tsc_adjust bmi1 avx2 smep bmi2 erms invpcid mpx rdseed adx smap clflushopt intel_pt xsaveopt xsavec xgetbv1 xsaves dtherm ida arat pln pts hwp hwp_notify hwp_act_window hwp_epp md_clear flush_l1d

Memory: 4k page, physical 12152112k(2010696k free), swap 12581884k(12507388k free)

vm_info: OpenJDK 64-Bit Server VM (11.0.8+10-post-Ubuntu-0ubuntu120.04) for linux-amd64 JRE (11.0.8+10-post-Ubuntu-0ubuntu120.04), built on Jul 15 2020 20:45:24 by "unknown" with gcc 9.3.0

END.
