#
# A fatal error has been detected by the Java Runtime Environment:
#
#  SIGSEGV (0xb) at pc=0x00007f2f6be8f41b, pid=45183, tid=45203
#
# JRE version: OpenJDK Runtime Environment (11.0.8+10) (build 11.0.8+10-post-Ubuntu-0ubuntu120.04)
# Java VM: OpenJDK 64-Bit Server VM (11.0.8+10-post-Ubuntu-0ubuntu120.04, mixed mode, tiered, compressed oops, g1 gc, linux-amd64)
# Problematic frame:
# V  [libjvm.so+0x72041b]
#
# Core dump will be written. Default location: Core dumps may be processed with "/usr/share/apport/apport %p %s %c %d %P %E" (or dumping to /home/james/NetBeansProjects/HospitalJames/core.45183)
#
# If you would like to submit a bug report, please visit:
#   https://bugs.launchpad.net/ubuntu/+source/openjdk-lts
#

---------------  S U M M A R Y ------------

Command Line: -Dclassworlds.conf=/snap/netbeans/35/netbeans/java/maven/bin/m2.conf -Dmaven.home=/snap/netbeans/35/netbeans/java/maven -Dlibrary.jansi.path=/snap/netbeans/35/netbeans/java/maven/lib/jansi-native -Dmaven.multiModuleProjectDirectory=/home/james/NetBeansProjects/HospitalJames org.codehaus.plexus.classworlds.launcher.Launcher -Dmaven.ext.class.path=/snap/netbeans/35/netbeans/java/maven-nblib/netbeans-eventspy.jar clean install

Host: Intel(R) Core(TM) i5-7200U CPU @ 2.50GHz, 4 cores, 11G, Ubuntu 20.04.1 LTS
Time: Mon Sep 28 23:07:39 2020 EDT elapsed time: 1 seconds (0d 0h 0m 1s)

---------------  T H R E A D  ---------------

Current thread (0x00007f2f64077800):  ConcurrentGCThread "G1 Conc#0" [stack: 0x00007f2f69805000,0x00007f2f69905000] [id=45203]

Stack: [0x00007f2f69805000,0x00007f2f69905000],  sp=0x00007f2f69903d10,  free space=1019k
Native frames: (J=compiled Java code, A=aot compiled Java code, j=interpreted, Vv=VM code, C=native code)
V  [libjvm.so+0x72041b]
V  [libjvm.so+0x71ea96]
V  [libjvm.so+0xdba84d]
V  [libjvm.so+0xd1f430]
V  [libjvm.so+0xb8f706]


siginfo: si_signo: 11 (SIGSEGV), si_code: 1 (SEGV_MAPERR), si_addr: 0x0000000000000160

Register to memory mapping:

RAX=0x0 is NULL
RBX=0x000000074610f360 is an unknown value
RCX=0x0000000000000014 is an unknown value
RDX=0x0000000800002308 is pointing into metadata
RSP=0x00007f2f69903d10 points into unknown readable memory: b8 60 00 00 08 00 00 00
RBP=0x00007f2f69903d60 points into unknown readable memory: 00 3e 90 69 2f 7f 00 00
RSI=0x00007f2f423446b8 points into unknown readable memory: 00 40 00 10 00 04 02 01
RDI=0x0000000000007461 is an unknown value
R8 =0x00007f2f64068ee0 points into unknown readable memory: 00 58 07 64 2f 7f 00 00
R9 =0x0000040000000000 is an unknown value
R10=0x00007f2f6bc83f00: <offset 0x0000000000514f00> in /usr/lib/jvm/java-11-openjdk-amd64/lib/server/libjvm.so at 0x00007f2f6b76f000
R11=0x000000075039af20 is pointing into object: java.lang.Class 
{0x000000075039aed0} - klass: 'java/lang/Class'
R12=0x000000075039aeec is pointing into object: java.lang.Class 
{0x000000075039aed0} - klass: 'java/lang/Class'
R13=0x00007f2f69903da0 points into unknown readable memory: 60 25 7b 6c 2f 7f 00 00
R14=0x000000075039aed0 is an oop: java.lang.Class 
{0x000000075039aed0} - klass: 'java/lang/Class'
R15=0x0 is NULL


Registers:
RAX=0x0000000000000000, RBX=0x000000074610f360, RCX=0x0000000000000014, RDX=0x0000000800002308
RSP=0x00007f2f69903d10, RBP=0x00007f2f69903d60, RSI=0x00007f2f423446b8, RDI=0x0000000000007461
R8 =0x00007f2f64068ee0, R9 =0x0000040000000000, R10=0x00007f2f6bc83f00, R11=0x000000075039af20
R12=0x000000075039aeec, R13=0x00007f2f69903da0, R14=0x000000075039aed0, R15=0x0000000000000000
RIP=0x00007f2f6be8f41b, EFLAGS=0x0000000000010202, CSGSFS=0x002b000000000033, ERR=0x0000000000000004
  TRAPNO=0x000000000000000e

Top of Stack: (sp=0x00007f2f69903d10)
0x00007f2f69903d10:   00000008000060b8 00007f2f6be8f176
0x00007f2f69903d20:   00000007503987c0 0000000800002310
0x00007f2f69903d30:   00007f2f69903d60 000000075039af40
0x00007f2f69903d40:   00007f2f69a05bd0 0000000000000240 

Instructions: (pc=0x00007f2f6be8f41b)
0x00007f2f6be8f31b:   c1 0f eb c4 90 48 83 46 58 01 eb cb 66 0f 1f 84
0x00007f2f6be8f32b:   00 00 00 00 00 48 8b 73 08 e9 55 ff ff ff 0f 1f
0x00007f2f6be8f33b:   80 00 00 00 00 48 8b 46 08 e9 17 fe ff ff 0f 1f
0x00007f2f6be8f34b:   80 00 00 00 00 f3 0f 1e fa 55 31 c9 48 89 e5 41
0x00007f2f6be8f35b:   57 41 56 49 89 f6 41 55 49 89 fd 41 54 4c 89 ee
0x00007f2f6be8f36b:   53 48 89 d3 48 83 ec 28 48 8b ba 98 00 00 00 ba
0x00007f2f6be8f37b:   01 00 00 00 e8 6c 54 e6 ff 48 89 df e8 c4 fa 2b
0x00007f2f6be8f38b:   00 48 63 93 34 01 00 00 4c 8d 15 66 4b df ff 49
0x00007f2f6be8f39b:   89 c0 48 63 83 c4 00 00 00 48 01 d0 49 8d 14 c0
0x00007f2f6be8f3ab:   8b 83 30 01 00 00 48 8d 04 c2 48 89 45 c8 48 39
0x00007f2f6be8f3bb:   c2 0f 83 e9 00 00 00 66 0f 1f 44 00 00 4c 63 22
0x00007f2f6be8f3cb:   8b 42 04 4d 01 f4 4d 8d 1c 84 4d 39 dc 0f 83 bf
0x00007f2f6be8f3db:   00 00 00 66 90 41 8b 1c 24 85 db 0f 84 a4 00 00
0x00007f2f6be8f3eb:   00 48 8d 05 2d 4b 9f 00 4d 8b 45 18 8b 48 08 48
0x00007f2f6be8f3fb:   d3 e3 48 03 18 49 8b 40 08 48 89 df 8b 88 c0 02
0x00007f2f6be8f40b:   00 00 48 8b 80 b0 02 00 00 48 d3 ef 48 8b 04 f8
0x00007f2f6be8f41b:   48 3b 98 60 01 00 00 73 6c 49 8b b0 90 00 00 00
0x00007f2f6be8f42b:   48 89 d9 45 8b 7d 20 48 2b 0e 48 89 c8 8b 4e 10
0x00007f2f6be8f43b:   48 c1 e8 03 48 d3 e8 48 89 c1 48 89 c7 48 8b 46
0x00007f2f6be8f44b:   18 48 c1 ef 06 83 e1 3f 48 8d 34 f8 b8 01 00 00
0x00007f2f6be8f45b:   00 48 d3 e0 48 8b 0e 49 89 c1 eb 1d 66 0f 1f 84
0x00007f2f6be8f46b:   00 00 00 00 00 48 89 c8 f0 48 0f b1 3e 48 39 c1
0x00007f2f6be8f47b:   0f 84 3f 01 00 00 48 89 c1 4c 89 cf 48 09 cf 48
0x00007f2f6be8f48b:   39 f9 75 e1 90 49 83 c4 04 4d 39 e3 0f 87 43 ff
0x00007f2f6be8f49b:   ff ff 48 83 c2 08 48 39 55 c8 0f 87 1d ff ff ff
0x00007f2f6be8f4ab:   4c 89 f7 e8 ad 7a 10 00 48 85 c0 74 16 48 8b b8
0x00007f2f6be8f4bb:   98 00 00 00 31 c9 ba 01 00 00 00 4c 89 ee e8 22
0x00007f2f6be8f4cb:   53 e6 ff 48 8d 05 5b 2b a2 00 4c 89 f7 4c 63 38
0x00007f2f6be8f4db:   e8 00 77 10 00 4d 01 f7 48 98 4d 8d 24 87 4d 39
0x00007f2f6be8f4eb:   e7 0f 83 bb 00 00 00 66 0f 1f 44 00 00 41 8b 1f
0x00007f2f6be8f4fb:   85 db 0f 84 9d 00 00 00 48 8d 05 16 4a 9f 00 49
0x00007f2f6be8f50b:   8b 55 18 8b 48 08 48 d3 e3 48 03 18 48 8b 42 08 


Stack slot to memory mapping:
stack at sp + 0 slots: 0x00000008000060b8 is a pointer to class: 
java.lang.ref.WeakReference {0x00000008000060b8}
stack at sp + 1 slots: 0x00007f2f6be8f176: <offset 0x0000000000720176> in /usr/lib/jvm/java-11-openjdk-amd64/lib/server/libjvm.so at 0x00007f2f6b76f000
stack at sp + 2 slots: 0x00000007503987c0 is pointing into object: java.lang.ref.SoftReference 
{0x00000007503987a8} - klass: 'java/lang/ref/SoftReference'
stack at sp + 3 slots: 0x0000000800002310 is a pointer to class: 
java.lang.Cloneable {0x0000000800002310}
stack at sp + 4 slots: 0x00007f2f69903d60 points into unknown readable memory: 00 3e 90 69 2f 7f 00 00
stack at sp + 5 slots: 0x000000075039af40 is an oop: java.lang.Class 
{0x000000075039af40} - klass: 'java/lang/Class'
stack at sp + 6 slots: 0x00007f2f69a05bd0 points into unknown readable memory: 30 26 7b 6c 2f 7f 00 00
stack at sp + 7 slots: 0x0000000000000240 is an unknown value


---------------  P R O C E S S  ---------------

Threads class SMR info:
_java_thread_list=0x00007f2f142e1960, length=10, elements={
0x00007f2f64016800, 0x00007f2f64193800, 0x00007f2f64197800, 0x00007f2f641ac800,
0x00007f2f641ae800, 0x00007f2f641b0800, 0x00007f2f641b2800, 0x00007f2f6421f000,
0x00007f2f64233000, 0x00007f2f142e0000
}

Java Threads: ( => current thread )
  0x00007f2f64016800 JavaThread "main" [_thread_blocked, id=45200, stack(0x00007f2f6b323000,0x00007f2f6b424000)]
  0x00007f2f64193800 JavaThread "Reference Handler" daemon [_thread_blocked, id=45207, stack(0x00007f2f686b2000,0x00007f2f687b3000)]
  0x00007f2f64197800 JavaThread "Finalizer" daemon [_thread_blocked, id=45208, stack(0x00007f2f685b1000,0x00007f2f686b2000)]
  0x00007f2f641ac800 JavaThread "Signal Dispatcher" daemon [_thread_blocked, id=45209, stack(0x00007f2f4c801000,0x00007f2f4c902000)]
  0x00007f2f641ae800 JavaThread "C2 CompilerThread0" daemon [_thread_in_native, id=45210, stack(0x00007f2f4c700000,0x00007f2f4c801000)]
  0x00007f2f641b0800 JavaThread "C1 CompilerThread0" daemon [_thread_in_vm, id=45211, stack(0x00007f2f4c5ff000,0x00007f2f4c700000)]
  0x00007f2f641b2800 JavaThread "Sweeper thread" daemon [_thread_blocked, id=45212, stack(0x00007f2f4c4fe000,0x00007f2f4c5ff000)]
  0x00007f2f6421f000 JavaThread "Service Thread" daemon [_thread_blocked, id=45213, stack(0x00007f2f4c3fd000,0x00007f2f4c4fe000)]
  0x00007f2f64233000 JavaThread "Common-Cleaner" daemon [_thread_blocked, id=45215, stack(0x00007f2f4c1fa000,0x00007f2f4c2fb000)]
  0x00007f2f142e0000 JavaThread "C2 CompilerThread1" daemon [_thread_in_native, id=45219, stack(0x00007f2f0b9fd000,0x00007f2f0bafe000)]

Other Threads:
  0x00007f2f6418b800 VMThread "VM Thread" [stack: 0x00007f2f687b5000,0x00007f2f688b5000] [id=45206]
  0x00007f2f64221800 WatcherThread [stack: 0x00007f2f4c2fd000,0x00007f2f4c3fd000] [id=45214]
  0x00007f2f6402e000 GCTaskThread "GC Thread#0" [stack: 0x00007f2f6afd4000,0x00007f2f6b0d4000] [id=45201]
  0x00007f2f30001000 GCTaskThread "GC Thread#1" [stack: 0x00007f2f4c0c4000,0x00007f2f4c1c4000] [id=45216]
  0x00007f2f30002800 GCTaskThread "GC Thread#2" [stack: 0x00007f2f4003d000,0x00007f2f4013d000] [id=45217]
  0x00007f2f30004000 GCTaskThread "GC Thread#3" [stack: 0x00007f2f0bd00000,0x00007f2f0be00000] [id=45218]
  0x00007f2f64075800 ConcurrentGCThread "G1 Main Marker" [stack: 0x00007f2f69907000,0x00007f2f69a07000] [id=45202]
=>0x00007f2f64077800 ConcurrentGCThread "G1 Conc#0" [stack: 0x00007f2f69805000,0x00007f2f69905000] [id=45203]
  0x00007f2f64128000 ConcurrentGCThread "G1 Refine#0" [stack: 0x00007f2f692ff000,0x00007f2f693ff000] [id=45204]
  0x00007f2f6412a000 ConcurrentGCThread "G1 Young RemSet Sampling" [stack: 0x00007f2f691fd000,0x00007f2f692fd000] [id=45205]

Threads with active compile tasks:
C2 CompilerThread0   1834 2000       4       org.codehaus.plexus.util.xml.pull.MXParser::parseEndTag (434 bytes)
C1 CompilerThread0   1834 2398       2       com.google.common.collect.AbstractMapBasedMultimap$AsMap$AsMapIterator::<init> (31 bytes)
C2 CompilerThread1   1834 2150       4       java.io.InputStreamReader::read (11 bytes)

VM state:not at safepoint (normal execution)

VM Mutex/Monitor currently owned by a thread: None

Heap address: 0x0000000746800000, size: 2968 MB, Compressed Oops mode: Zero based, Oop shift amount: 3
Narrow klass base: 0x0000000800000000, Narrow klass shift: 0
Compressed class space size: 1073741824 Address: 0x0000000800000000

Heap:
 garbage-first heap   total 190464K, used 7401K [0x0000000746800000, 0x0000000800000000)
  region size 1024K, 6 young (6144K), 5 survivors (5120K)
 Metaspace       used 20729K, capacity 21066K, committed 21552K, reserved 1069056K
  class space    used 2211K, capacity 2317K, committed 2432K, reserved 1048576K
Heap Regions: E=young(eden), S=young(survivor), O=old, HS=humongous(starts), HC=humongous(continues), CS=collection set, F=free, A=archive, TAMS=top-at-mark-start (previous, next)
|   0|0x0000000746800000, 0x0000000746900000, 0x0000000746900000|100%| O|  |TAMS 0x0000000746800000, 0x0000000746900000| Untracked 
|   1|0x0000000746900000, 0x0000000746a00000, 0x0000000746a00000|100%| O|  |TAMS 0x0000000746900000, 0x0000000746a00000| Untracked 
|   2|0x0000000746a00000, 0x0000000746af9800, 0x0000000746b00000| 97%| O|  |TAMS 0x0000000746a00000, 0x0000000746af9800| Untracked 
|   3|0x0000000746b00000, 0x0000000746b00000, 0x0000000746c00000|  0%| F|  |TAMS 0x0000000746b00000, 0x0000000746b00000| Untracked 
|   4|0x0000000746c00000, 0x0000000746c00000, 0x0000000746d00000|  0%| F|  |TAMS 0x0000000746c00000, 0x0000000746c00000| Untracked 
|   5|0x0000000746d00000, 0x0000000746d00000, 0x0000000746e00000|  0%| F|  |TAMS 0x0000000746d00000, 0x0000000746d00000| Untracked 
|   6|0x0000000746e00000, 0x0000000746e00000, 0x0000000746f00000|  0%| F|  |TAMS 0x0000000746e00000, 0x0000000746e00000| Untracked 
|   7|0x0000000746f00000, 0x0000000746f00000, 0x0000000747000000|  0%| F|  |TAMS 0x0000000746f00000, 0x0000000746f00000| Untracked 
|   8|0x0000000747000000, 0x0000000747000000, 0x0000000747100000|  0%| F|  |TAMS 0x0000000747000000, 0x0000000747000000| Untracked 
|   9|0x0000000747100000, 0x0000000747100000, 0x0000000747200000|  0%| F|  |TAMS 0x0000000747100000, 0x0000000747100000| Untracked 
|  10|0x0000000747200000, 0x0000000747200000, 0x0000000747300000|  0%| F|  |TAMS 0x0000000747200000, 0x0000000747200000| Untracked 
|  11|0x0000000747300000, 0x0000000747300000, 0x0000000747400000|  0%| F|  |TAMS 0x0000000747300000, 0x0000000747300000| Untracked 
|  12|0x0000000747400000, 0x0000000747400000, 0x0000000747500000|  0%| F|  |TAMS 0x0000000747400000, 0x0000000747400000| Untracked 
|  13|0x0000000747500000, 0x0000000747500000, 0x0000000747600000|  0%| F|  |TAMS 0x0000000747500000, 0x0000000747500000| Untracked 
|  14|0x0000000747600000, 0x0000000747600000, 0x0000000747700000|  0%| F|  |TAMS 0x0000000747600000, 0x0000000747600000| Untracked 
|  15|0x0000000747700000, 0x0000000747700000, 0x0000000747800000|  0%| F|  |TAMS 0x0000000747700000, 0x0000000747700000| Untracked 
|  16|0x0000000747800000, 0x0000000747800000, 0x0000000747900000|  0%| F|  |TAMS 0x0000000747800000, 0x0000000747800000| Untracked 
|  17|0x0000000747900000, 0x0000000747900000, 0x0000000747a00000|  0%| F|  |TAMS 0x0000000747900000, 0x0000000747900000| Untracked 
|  18|0x0000000747a00000, 0x0000000747a00000, 0x0000000747b00000|  0%| F|  |TAMS 0x0000000747a00000, 0x0000000747a00000| Untracked 
|  19|0x0000000747b00000, 0x0000000747b00000, 0x0000000747c00000|  0%| F|  |TAMS 0x0000000747b00000, 0x0000000747b00000| Untracked 
|  20|0x0000000747c00000, 0x0000000747c00000, 0x0000000747d00000|  0%| F|  |TAMS 0x0000000747c00000, 0x0000000747c00000| Untracked 
|  21|0x0000000747d00000, 0x0000000747d00000, 0x0000000747e00000|  0%| F|  |TAMS 0x0000000747d00000, 0x0000000747d00000| Untracked 
|  22|0x0000000747e00000, 0x0000000747e00000, 0x0000000747f00000|  0%| F|  |TAMS 0x0000000747e00000, 0x0000000747e00000| Untracked 
|  23|0x0000000747f00000, 0x0000000747f00000, 0x0000000748000000|  0%| F|  |TAMS 0x0000000747f00000, 0x0000000747f00000| Untracked 
|  24|0x0000000748000000, 0x0000000748000000, 0x0000000748100000|  0%| F|  |TAMS 0x0000000748000000, 0x0000000748000000| Untracked 
|  25|0x0000000748100000, 0x0000000748100000, 0x0000000748200000|  0%| F|  |TAMS 0x0000000748100000, 0x0000000748100000| Untracked 
|  26|0x0000000748200000, 0x0000000748200000, 0x0000000748300000|  0%| F|  |TAMS 0x0000000748200000, 0x0000000748200000| Untracked 
|  27|0x0000000748300000, 0x0000000748300000, 0x0000000748400000|  0%| F|  |TAMS 0x0000000748300000, 0x0000000748300000| Untracked 
|  28|0x0000000748400000, 0x0000000748400000, 0x0000000748500000|  0%| F|  |TAMS 0x0000000748400000, 0x0000000748400000| Untracked 
|  29|0x0000000748500000, 0x0000000748500000, 0x0000000748600000|  0%| F|  |TAMS 0x0000000748500000, 0x0000000748500000| Untracked 
|  30|0x0000000748600000, 0x0000000748600000, 0x0000000748700000|  0%| F|  |TAMS 0x0000000748600000, 0x0000000748600000| Untracked 
|  31|0x0000000748700000, 0x0000000748700000, 0x0000000748800000|  0%| F|  |TAMS 0x0000000748700000, 0x0000000748700000| Untracked 
|  32|0x0000000748800000, 0x0000000748800000, 0x0000000748900000|  0%| F|  |TAMS 0x0000000748800000, 0x0000000748800000| Untracked 
|  33|0x0000000748900000, 0x0000000748900000, 0x0000000748a00000|  0%| F|  |TAMS 0x0000000748900000, 0x0000000748900000| Untracked 
|  34|0x0000000748a00000, 0x0000000748a00000, 0x0000000748b00000|  0%| F|  |TAMS 0x0000000748a00000, 0x0000000748a00000| Untracked 
|  35|0x0000000748b00000, 0x0000000748b00000, 0x0000000748c00000|  0%| F|  |TAMS 0x0000000748b00000, 0x0000000748b00000| Untracked 
|  36|0x0000000748c00000, 0x0000000748c00000, 0x0000000748d00000|  0%| F|  |TAMS 0x0000000748c00000, 0x0000000748c00000| Untracked 
|  37|0x0000000748d00000, 0x0000000748d00000, 0x0000000748e00000|  0%| F|  |TAMS 0x0000000748d00000, 0x0000000748d00000| Untracked 
|  38|0x0000000748e00000, 0x0000000748e00000, 0x0000000748f00000|  0%| F|  |TAMS 0x0000000748e00000, 0x0000000748e00000| Untracked 
|  39|0x0000000748f00000, 0x0000000748f00000, 0x0000000749000000|  0%| F|  |TAMS 0x0000000748f00000, 0x0000000748f00000| Untracked 
|  40|0x0000000749000000, 0x0000000749000000, 0x0000000749100000|  0%| F|  |TAMS 0x0000000749000000, 0x0000000749000000| Untracked 
|  41|0x0000000749100000, 0x0000000749100000, 0x0000000749200000|  0%| F|  |TAMS 0x0000000749100000, 0x0000000749100000| Untracked 
|  42|0x0000000749200000, 0x0000000749200000, 0x0000000749300000|  0%| F|  |TAMS 0x0000000749200000, 0x0000000749200000| Untracked 
|  43|0x0000000749300000, 0x0000000749300000, 0x0000000749400000|  0%| F|  |TAMS 0x0000000749300000, 0x0000000749300000| Untracked 
|  44|0x0000000749400000, 0x0000000749400000, 0x0000000749500000|  0%| F|  |TAMS 0x0000000749400000, 0x0000000749400000| Untracked 
|  45|0x0000000749500000, 0x0000000749500000, 0x0000000749600000|  0%| F|  |TAMS 0x0000000749500000, 0x0000000749500000| Untracked 
|  46|0x0000000749600000, 0x0000000749600000, 0x0000000749700000|  0%| F|  |TAMS 0x0000000749600000, 0x0000000749600000| Untracked 
|  47|0x0000000749700000, 0x0000000749700000, 0x0000000749800000|  0%| F|  |TAMS 0x0000000749700000, 0x0000000749700000| Untracked 
|  48|0x0000000749800000, 0x0000000749800000, 0x0000000749900000|  0%| F|  |TAMS 0x0000000749800000, 0x0000000749800000| Untracked 
|  49|0x0000000749900000, 0x0000000749900000, 0x0000000749a00000|  0%| F|  |TAMS 0x0000000749900000, 0x0000000749900000| Untracked 
|  50|0x0000000749a00000, 0x0000000749a00000, 0x0000000749b00000|  0%| F|  |TAMS 0x0000000749a00000, 0x0000000749a00000| Untracked 
|  51|0x0000000749b00000, 0x0000000749b00000, 0x0000000749c00000|  0%| F|  |TAMS 0x0000000749b00000, 0x0000000749b00000| Untracked 
|  52|0x0000000749c00000, 0x0000000749c00000, 0x0000000749d00000|  0%| F|  |TAMS 0x0000000749c00000, 0x0000000749c00000| Untracked 
|  53|0x0000000749d00000, 0x0000000749d00000, 0x0000000749e00000|  0%| F|  |TAMS 0x0000000749d00000, 0x0000000749d00000| Untracked 
|  54|0x0000000749e00000, 0x0000000749e00000, 0x0000000749f00000|  0%| F|  |TAMS 0x0000000749e00000, 0x0000000749e00000| Untracked 
|  55|0x0000000749f00000, 0x0000000749f00000, 0x000000074a000000|  0%| F|  |TAMS 0x0000000749f00000, 0x0000000749f00000| Untracked 
|  56|0x000000074a000000, 0x000000074a000000, 0x000000074a100000|  0%| F|  |TAMS 0x000000074a000000, 0x000000074a000000| Untracked 
|  57|0x000000074a100000, 0x000000074a100000, 0x000000074a200000|  0%| F|  |TAMS 0x000000074a100000, 0x000000074a100000| Untracked 
|  58|0x000000074a200000, 0x000000074a200000, 0x000000074a300000|  0%| F|  |TAMS 0x000000074a200000, 0x000000074a200000| Untracked 
|  59|0x000000074a300000, 0x000000074a300000, 0x000000074a400000|  0%| F|  |TAMS 0x000000074a300000, 0x000000074a300000| Untracked 
|  60|0x000000074a400000, 0x000000074a400000, 0x000000074a500000|  0%| F|  |TAMS 0x000000074a400000, 0x000000074a400000| Untracked 
|  61|0x000000074a500000, 0x000000074a500000, 0x000000074a600000|  0%| F|  |TAMS 0x000000074a500000, 0x000000074a500000| Untracked 
|  62|0x000000074a600000, 0x000000074a600000, 0x000000074a700000|  0%| F|  |TAMS 0x000000074a600000, 0x000000074a600000| Untracked 
|  63|0x000000074a700000, 0x000000074a700000, 0x000000074a800000|  0%| F|  |TAMS 0x000000074a700000, 0x000000074a700000| Untracked 
|  64|0x000000074a800000, 0x000000074a800000, 0x000000074a900000|  0%| F|  |TAMS 0x000000074a800000, 0x000000074a800000| Untracked 
|  65|0x000000074a900000, 0x000000074a900000, 0x000000074aa00000|  0%| F|  |TAMS 0x000000074a900000, 0x000000074a900000| Untracked 
|  66|0x000000074aa00000, 0x000000074aa00000, 0x000000074ab00000|  0%| F|  |TAMS 0x000000074aa00000, 0x000000074aa00000| Untracked 
|  67|0x000000074ab00000, 0x000000074ab00000, 0x000000074ac00000|  0%| F|  |TAMS 0x000000074ab00000, 0x000000074ab00000| Untracked 
|  68|0x000000074ac00000, 0x000000074ac00000, 0x000000074ad00000|  0%| F|  |TAMS 0x000000074ac00000, 0x000000074ac00000| Untracked 
|  69|0x000000074ad00000, 0x000000074ad00000, 0x000000074ae00000|  0%| F|  |TAMS 0x000000074ad00000, 0x000000074ad00000| Untracked 
|  70|0x000000074ae00000, 0x000000074ae00000, 0x000000074af00000|  0%| F|  |TAMS 0x000000074ae00000, 0x000000074ae00000| Untracked 
|  71|0x000000074af00000, 0x000000074af00000, 0x000000074b000000|  0%| F|  |TAMS 0x000000074af00000, 0x000000074af00000| Untracked 
|  72|0x000000074b000000, 0x000000074b000000, 0x000000074b100000|  0%| F|  |TAMS 0x000000074b000000, 0x000000074b000000| Untracked 
|  73|0x000000074b100000, 0x000000074b100000, 0x000000074b200000|  0%| F|  |TAMS 0x000000074b100000, 0x000000074b100000| Untracked 
|  74|0x000000074b200000, 0x000000074b200000, 0x000000074b300000|  0%| F|  |TAMS 0x000000074b200000, 0x000000074b200000| Untracked 
|  75|0x000000074b300000, 0x000000074b300000, 0x000000074b400000|  0%| F|  |TAMS 0x000000074b300000, 0x000000074b300000| Untracked 
|  76|0x000000074b400000, 0x000000074b400000, 0x000000074b500000|  0%| F|  |TAMS 0x000000074b400000, 0x000000074b400000| Untracked 
|  77|0x000000074b500000, 0x000000074b500000, 0x000000074b600000|  0%| F|  |TAMS 0x000000074b500000, 0x000000074b500000| Untracked 
|  78|0x000000074b600000, 0x000000074b600000, 0x000000074b700000|  0%| F|  |TAMS 0x000000074b600000, 0x000000074b600000| Untracked 
|  79|0x000000074b700000, 0x000000074b700000, 0x000000074b800000|  0%| F|  |TAMS 0x000000074b700000, 0x000000074b700000| Untracked 
|  80|0x000000074b800000, 0x000000074b800000, 0x000000074b900000|  0%| F|  |TAMS 0x000000074b800000, 0x000000074b800000| Untracked 
|  81|0x000000074b900000, 0x000000074b900000, 0x000000074ba00000|  0%| F|  |TAMS 0x000000074b900000, 0x000000074b900000| Untracked 
|  82|0x000000074ba00000, 0x000000074ba00000, 0x000000074bb00000|  0%| F|  |TAMS 0x000000074ba00000, 0x000000074ba00000| Untracked 
|  83|0x000000074bb00000, 0x000000074bb00000, 0x000000074bc00000|  0%| F|  |TAMS 0x000000074bb00000, 0x000000074bb00000| Untracked 
|  84|0x000000074bc00000, 0x000000074bc00000, 0x000000074bd00000|  0%| F|  |TAMS 0x000000074bc00000, 0x000000074bc00000| Untracked 
|  85|0x000000074bd00000, 0x000000074bd00000, 0x000000074be00000|  0%| F|  |TAMS 0x000000074bd00000, 0x000000074bd00000| Untracked 
|  86|0x000000074be00000, 0x000000074be00000, 0x000000074bf00000|  0%| F|  |TAMS 0x000000074be00000, 0x000000074be00000| Untracked 
|  87|0x000000074bf00000, 0x000000074bf00000, 0x000000074c000000|  0%| F|  |TAMS 0x000000074bf00000, 0x000000074bf00000| Untracked 
|  88|0x000000074c000000, 0x000000074c000000, 0x000000074c100000|  0%| F|  |TAMS 0x000000074c000000, 0x000000074c000000| Untracked 
|  89|0x000000074c100000, 0x000000074c100000, 0x000000074c200000|  0%| F|  |TAMS 0x000000074c100000, 0x000000074c100000| Untracked 
|  90|0x000000074c200000, 0x000000074c200000, 0x000000074c300000|  0%| F|  |TAMS 0x000000074c200000, 0x000000074c200000| Untracked 
|  91|0x000000074c300000, 0x000000074c300000, 0x000000074c400000|  0%| F|  |TAMS 0x000000074c300000, 0x000000074c300000| Untracked 
|  92|0x000000074c400000, 0x000000074c400000, 0x000000074c500000|  0%| F|  |TAMS 0x000000074c400000, 0x000000074c400000| Untracked 
|  93|0x000000074c500000, 0x000000074c500000, 0x000000074c600000|  0%| F|  |TAMS 0x000000074c500000, 0x000000074c500000| Untracked 
|  94|0x000000074c600000, 0x000000074c600000, 0x000000074c700000|  0%| F|  |TAMS 0x000000074c600000, 0x000000074c600000| Untracked 
|  95|0x000000074c700000, 0x000000074c700000, 0x000000074c800000|  0%| F|  |TAMS 0x000000074c700000, 0x000000074c700000| Untracked 
|  96|0x000000074c800000, 0x000000074c800000, 0x000000074c900000|  0%| F|  |TAMS 0x000000074c800000, 0x000000074c800000| Untracked 
|  97|0x000000074c900000, 0x000000074c900000, 0x000000074ca00000|  0%| F|  |TAMS 0x000000074c900000, 0x000000074c900000| Untracked 
|  98|0x000000074ca00000, 0x000000074ca00000, 0x000000074cb00000|  0%| F|  |TAMS 0x000000074ca00000, 0x000000074ca00000| Untracked 
|  99|0x000000074cb00000, 0x000000074cb00000, 0x000000074cc00000|  0%| F|  |TAMS 0x000000074cb00000, 0x000000074cb00000| Untracked 
| 100|0x000000074cc00000, 0x000000074cc00000, 0x000000074cd00000|  0%| F|  |TAMS 0x000000074cc00000, 0x000000074cc00000| Untracked 
| 101|0x000000074cd00000, 0x000000074cd00000, 0x000000074ce00000|  0%| F|  |TAMS 0x000000074cd00000, 0x000000074cd00000| Untracked 
| 102|0x000000074ce00000, 0x000000074ce00000, 0x000000074cf00000|  0%| F|  |TAMS 0x000000074ce00000, 0x000000074ce00000| Untracked 
| 103|0x000000074cf00000, 0x000000074cf00000, 0x000000074d000000|  0%| F|  |TAMS 0x000000074cf00000, 0x000000074cf00000| Untracked 
| 104|0x000000074d000000, 0x000000074d000000, 0x000000074d100000|  0%| F|  |TAMS 0x000000074d000000, 0x000000074d000000| Untracked 
| 105|0x000000074d100000, 0x000000074d100000, 0x000000074d200000|  0%| F|  |TAMS 0x000000074d100000, 0x000000074d100000| Untracked 
| 106|0x000000074d200000, 0x000000074d200000, 0x000000074d300000|  0%| F|  |TAMS 0x000000074d200000, 0x000000074d200000| Untracked 
| 107|0x000000074d300000, 0x000000074d300000, 0x000000074d400000|  0%| F|  |TAMS 0x000000074d300000, 0x000000074d300000| Untracked 
| 108|0x000000074d400000, 0x000000074d400000, 0x000000074d500000|  0%| F|  |TAMS 0x000000074d400000, 0x000000074d400000| Untracked 
| 109|0x000000074d500000, 0x000000074d500000, 0x000000074d600000|  0%| F|  |TAMS 0x000000074d500000, 0x000000074d500000| Untracked 
| 110|0x000000074d600000, 0x000000074d600000, 0x000000074d700000|  0%| F|  |TAMS 0x000000074d600000, 0x000000074d600000| Untracked 
| 111|0x000000074d700000, 0x000000074d700000, 0x000000074d800000|  0%| F|  |TAMS 0x000000074d700000, 0x000000074d700000| Untracked 
| 112|0x000000074d800000, 0x000000074d800000, 0x000000074d900000|  0%| F|  |TAMS 0x000000074d800000, 0x000000074d800000| Untracked 
| 113|0x000000074d900000, 0x000000074d900000, 0x000000074da00000|  0%| F|  |TAMS 0x000000074d900000, 0x000000074d900000| Untracked 
| 114|0x000000074da00000, 0x000000074da00000, 0x000000074db00000|  0%| F|  |TAMS 0x000000074da00000, 0x000000074da00000| Untracked 
| 115|0x000000074db00000, 0x000000074db00000, 0x000000074dc00000|  0%| F|  |TAMS 0x000000074db00000, 0x000000074db00000| Untracked 
| 116|0x000000074dc00000, 0x000000074dc00000, 0x000000074dd00000|  0%| F|  |TAMS 0x000000074dc00000, 0x000000074dc00000| Untracked 
| 117|0x000000074dd00000, 0x000000074dd00000, 0x000000074de00000|  0%| F|  |TAMS 0x000000074dd00000, 0x000000074dd00000| Untracked 
| 118|0x000000074de00000, 0x000000074de00000, 0x000000074df00000|  0%| F|  |TAMS 0x000000074de00000, 0x000000074de00000| Untracked 
| 119|0x000000074df00000, 0x000000074df00000, 0x000000074e000000|  0%| F|  |TAMS 0x000000074df00000, 0x000000074df00000| Untracked 
| 120|0x000000074e000000, 0x000000074e000000, 0x000000074e100000|  0%| F|  |TAMS 0x000000074e000000, 0x000000074e000000| Untracked 
| 121|0x000000074e100000, 0x000000074e100000, 0x000000074e200000|  0%| F|  |TAMS 0x000000074e100000, 0x000000074e100000| Untracked 
| 122|0x000000074e200000, 0x000000074e200000, 0x000000074e300000|  0%| F|  |TAMS 0x000000074e200000, 0x000000074e200000| Untracked 
| 123|0x000000074e300000, 0x000000074e300000, 0x000000074e400000|  0%| F|  |TAMS 0x000000074e300000, 0x000000074e300000| Untracked 
| 124|0x000000074e400000, 0x000000074e400000, 0x000000074e500000|  0%| F|  |TAMS 0x000000074e400000, 0x000000074e400000| Untracked 
| 125|0x000000074e500000, 0x000000074e500000, 0x000000074e600000|  0%| F|  |TAMS 0x000000074e500000, 0x000000074e500000| Untracked 
| 126|0x000000074e600000, 0x000000074e600000, 0x000000074e700000|  0%| F|  |TAMS 0x000000074e600000, 0x000000074e600000| Untracked 
| 127|0x000000074e700000, 0x000000074e700000, 0x000000074e800000|  0%| F|  |TAMS 0x000000074e700000, 0x000000074e700000| Untracked 
| 128|0x000000074e800000, 0x000000074e800000, 0x000000074e900000|  0%| F|  |TAMS 0x000000074e800000, 0x000000074e800000| Untracked 
| 129|0x000000074e900000, 0x000000074e900000, 0x000000074ea00000|  0%| F|  |TAMS 0x000000074e900000, 0x000000074e900000| Untracked 
| 130|0x000000074ea00000, 0x000000074ea00000, 0x000000074eb00000|  0%| F|  |TAMS 0x000000074ea00000, 0x000000074ea00000| Untracked 
| 131|0x000000074eb00000, 0x000000074eb00000, 0x000000074ec00000|  0%| F|  |TAMS 0x000000074eb00000, 0x000000074eb00000| Untracked 
| 132|0x000000074ec00000, 0x000000074ec00000, 0x000000074ed00000|  0%| F|  |TAMS 0x000000074ec00000, 0x000000074ec00000| Untracked 
| 133|0x000000074ed00000, 0x000000074ed00000, 0x000000074ee00000|  0%| F|  |TAMS 0x000000074ed00000, 0x000000074ed00000| Untracked 
| 134|0x000000074ee00000, 0x000000074ee00000, 0x000000074ef00000|  0%| F|  |TAMS 0x000000074ee00000, 0x000000074ee00000| Untracked 
| 135|0x000000074ef00000, 0x000000074ef00000, 0x000000074f000000|  0%| F|  |TAMS 0x000000074ef00000, 0x000000074ef00000| Untracked 
| 136|0x000000074f000000, 0x000000074f000000, 0x000000074f100000|  0%| F|  |TAMS 0x000000074f000000, 0x000000074f000000| Untracked 
| 137|0x000000074f100000, 0x000000074f100000, 0x000000074f200000|  0%| F|  |TAMS 0x000000074f100000, 0x000000074f100000| Untracked 
| 138|0x000000074f200000, 0x000000074f200000, 0x000000074f300000|  0%| F|  |TAMS 0x000000074f200000, 0x000000074f200000| Untracked 
| 139|0x000000074f300000, 0x000000074f300000, 0x000000074f400000|  0%| F|  |TAMS 0x000000074f300000, 0x000000074f300000| Untracked 
| 140|0x000000074f400000, 0x000000074f400000, 0x000000074f500000|  0%| F|  |TAMS 0x000000074f400000, 0x000000074f400000| Untracked 
| 141|0x000000074f500000, 0x000000074f500000, 0x000000074f600000|  0%| F|  |TAMS 0x000000074f500000, 0x000000074f500000| Untracked 
| 142|0x000000074f600000, 0x000000074f600000, 0x000000074f700000|  0%| F|  |TAMS 0x000000074f600000, 0x000000074f600000| Untracked 
| 143|0x000000074f700000, 0x000000074f700000, 0x000000074f800000|  0%| F|  |TAMS 0x000000074f700000, 0x000000074f700000| Untracked 
| 144|0x000000074f800000, 0x000000074f800000, 0x000000074f900000|  0%| F|  |TAMS 0x000000074f800000, 0x000000074f800000| Untracked 
| 145|0x000000074f900000, 0x000000074f900000, 0x000000074fa00000|  0%| F|  |TAMS 0x000000074f900000, 0x000000074f900000| Untracked 
| 146|0x000000074fa00000, 0x000000074fa00000, 0x000000074fb00000|  0%| F|  |TAMS 0x000000074fa00000, 0x000000074fa00000| Untracked 
| 147|0x000000074fb00000, 0x000000074fb00000, 0x000000074fc00000|  0%| F|  |TAMS 0x000000074fb00000, 0x000000074fb00000| Untracked 
| 148|0x000000074fc00000, 0x000000074fc00000, 0x000000074fd00000|  0%| F|  |TAMS 0x000000074fc00000, 0x000000074fc00000| Untracked 
| 149|0x000000074fd00000, 0x000000074fd00000, 0x000000074fe00000|  0%| F|  |TAMS 0x000000074fd00000, 0x000000074fd00000| Untracked 
| 150|0x000000074fe00000, 0x000000074fe40e48, 0x000000074ff00000| 25%| S|CS|TAMS 0x000000074fe00000, 0x000000074fe00000| Complete 
| 151|0x000000074ff00000, 0x000000074ff00000, 0x0000000750000000|  0%| F|  |TAMS 0x000000074ff00000, 0x000000074ff00000| Untracked 
| 152|0x0000000750000000, 0x0000000750000000, 0x0000000750100000|  0%| F|  |TAMS 0x0000000750000000, 0x0000000750000000| Untracked 
| 153|0x0000000750100000, 0x0000000750100000, 0x0000000750200000|  0%| F|  |TAMS 0x0000000750100000, 0x0000000750100000| Untracked 
| 154|0x0000000750200000, 0x0000000750300000, 0x0000000750300000|100%| S|CS|TAMS 0x0000000750200000, 0x0000000750200000| Complete 
| 155|0x0000000750300000, 0x0000000750400000, 0x0000000750400000|100%| S|CS|TAMS 0x0000000750300000, 0x0000000750300000| Complete 
| 156|0x0000000750400000, 0x0000000750500000, 0x0000000750500000|100%| S|CS|TAMS 0x0000000750400000, 0x0000000750400000| Complete 
| 157|0x0000000750500000, 0x0000000750600000, 0x0000000750600000|100%| S|CS|TAMS 0x0000000750500000, 0x0000000750500000| Complete 
| 158|0x0000000750600000, 0x0000000750600000, 0x0000000750700000|  0%| F|  |TAMS 0x0000000750600000, 0x0000000750600000| Untracked 
| 159|0x0000000750700000, 0x0000000750700000, 0x0000000750800000|  0%| F|  |TAMS 0x0000000750700000, 0x0000000750700000| Untracked 
| 160|0x0000000750800000, 0x0000000750800000, 0x0000000750900000|  0%| F|  |TAMS 0x0000000750800000, 0x0000000750800000| Untracked 
| 161|0x0000000750900000, 0x0000000750900000, 0x0000000750a00000|  0%| F|  |TAMS 0x0000000750900000, 0x0000000750900000| Untracked 
| 162|0x0000000750a00000, 0x0000000750a00000, 0x0000000750b00000|  0%| F|  |TAMS 0x0000000750a00000, 0x0000000750a00000| Untracked 
| 163|0x0000000750b00000, 0x0000000750b00000, 0x0000000750c00000|  0%| F|  |TAMS 0x0000000750b00000, 0x0000000750b00000| Untracked 
| 164|0x0000000750c00000, 0x0000000750c00000, 0x0000000750d00000|  0%| F|  |TAMS 0x0000000750c00000, 0x0000000750c00000| Untracked 
| 165|0x0000000750d00000, 0x0000000750d00000, 0x0000000750e00000|  0%| F|  |TAMS 0x0000000750d00000, 0x0000000750d00000| Untracked 
| 166|0x0000000750e00000, 0x0000000750e00000, 0x0000000750f00000|  0%| F|  |TAMS 0x0000000750e00000, 0x0000000750e00000| Untracked 
| 167|0x0000000750f00000, 0x0000000750f00000, 0x0000000751000000|  0%| F|  |TAMS 0x0000000750f00000, 0x0000000750f00000| Untracked 
| 168|0x0000000751000000, 0x0000000751000000, 0x0000000751100000|  0%| F|  |TAMS 0x0000000751000000, 0x0000000751000000| Untracked 
| 169|0x0000000751100000, 0x0000000751100000, 0x0000000751200000|  0%| F|  |TAMS 0x0000000751100000, 0x0000000751100000| Untracked 
| 170|0x0000000751200000, 0x0000000751200000, 0x0000000751300000|  0%| F|  |TAMS 0x0000000751200000, 0x0000000751200000| Untracked 
| 171|0x0000000751300000, 0x0000000751300000, 0x0000000751400000|  0%| F|  |TAMS 0x0000000751300000, 0x0000000751300000| Untracked 
| 172|0x0000000751400000, 0x0000000751400000, 0x0000000751500000|  0%| F|  |TAMS 0x0000000751400000, 0x0000000751400000| Untracked 
| 173|0x0000000751500000, 0x0000000751500000, 0x0000000751600000|  0%| F|  |TAMS 0x0000000751500000, 0x0000000751500000| Untracked 
| 174|0x0000000751600000, 0x0000000751600000, 0x0000000751700000|  0%| F|  |TAMS 0x0000000751600000, 0x0000000751600000| Untracked 
| 175|0x0000000751700000, 0x0000000751700000, 0x0000000751800000|  0%| F|  |TAMS 0x0000000751700000, 0x0000000751700000| Untracked 
| 176|0x0000000751800000, 0x0000000751800000, 0x0000000751900000|  0%| F|  |TAMS 0x0000000751800000, 0x0000000751800000| Untracked 
| 177|0x0000000751900000, 0x0000000751900000, 0x0000000751a00000|  0%| F|  |TAMS 0x0000000751900000, 0x0000000751900000| Untracked 
| 178|0x0000000751a00000, 0x0000000751a00000, 0x0000000751b00000|  0%| F|  |TAMS 0x0000000751a00000, 0x0000000751a00000| Untracked 
| 179|0x0000000751b00000, 0x0000000751b00000, 0x0000000751c00000|  0%| F|  |TAMS 0x0000000751b00000, 0x0000000751b00000| Untracked 
| 180|0x0000000751c00000, 0x0000000751c00000, 0x0000000751d00000|  0%| F|  |TAMS 0x0000000751c00000, 0x0000000751c00000| Untracked 
| 181|0x0000000751d00000, 0x0000000751d00000, 0x0000000751e00000|  0%| F|  |TAMS 0x0000000751d00000, 0x0000000751d00000| Untracked 
| 182|0x0000000751e00000, 0x0000000751e00000, 0x0000000751f00000|  0%| F|  |TAMS 0x0000000751e00000, 0x0000000751e00000| Untracked 
| 183|0x0000000751f00000, 0x0000000751f00000, 0x0000000752000000|  0%| F|  |TAMS 0x0000000751f00000, 0x0000000751f00000| Untracked 
| 184|0x0000000752000000, 0x0000000752000000, 0x0000000752100000|  0%| F|  |TAMS 0x0000000752000000, 0x0000000752000000| Untracked 
| 185|0x0000000752100000, 0x00000007521afd78, 0x0000000752200000| 68%| E|  |TAMS 0x0000000752100000, 0x0000000752100000| Complete 

Card table byte_map: [0x00007f2f6a036000,0x00007f2f6a602000] _byte_map_base: 0x00007f2f66602000

Marking Bits (Prev, Next): (CMBitMap*) 0x00007f2f64068ef8, (CMBitMap*) 0x00007f2f64068f30
 Prev Bits: [0x00007f2f451a0000, 0x00007f2f48000000)
 Next Bits: [0x00007f2f42340000, 0x00007f2f451a0000)

Polling page: 0x00007f2f6b2df000

Metaspace:

Usage:
  Non-class:     18.31 MB capacity,    18.08 MB ( 99%) used,   207.48 KB (  1%) free+waste,    23.00 KB ( <1%) overhead. 
      Class:      2.26 MB capacity,     2.16 MB ( 95%) used,    96.05 KB (  4%) free+waste,     9.06 KB ( <1%) overhead. 
       Both:     20.57 MB capacity,    20.24 MB ( 98%) used,   303.54 KB (  1%) free+waste,    32.06 KB ( <1%) overhead. 

Virtual space:
  Non-class space:       20.00 MB reserved,      18.67 MB ( 93%) committed 
      Class space:        1.00 GB reserved,       2.38 MB ( <1%) committed 
             Both:        1.02 GB reserved,      21.05 MB (  2%) committed 

Chunk freelists:
   Non-Class:  143.00 KB
       Class:  19.00 KB
        Both:  162.00 KB

MaxMetaspaceSize: unlimited
CompressedClassSpaceSize: 1.00 GB

CodeHeap 'non-profiled nmethods': size=120032Kb used=910Kb max_used=910Kb free=119121Kb
 bounds [0x00007f2f543ca000, 0x00007f2f5463a000, 0x00007f2f5b902000]
CodeHeap 'profiled nmethods': size=120032Kb used=4572Kb max_used=4572Kb free=115459Kb
 bounds [0x00007f2f4ce92000, 0x00007f2f4d312000, 0x00007f2f543ca000]
CodeHeap 'non-nmethods': size=5696Kb used=1091Kb max_used=1128Kb free=4604Kb
 bounds [0x00007f2f4c902000, 0x00007f2f4cb72000, 0x00007f2f4ce92000]
 total_blobs=2798 nmethods=2386 adapters=324
 compilation: enabled
              stopped_count=0, restarted_count=0
 full_count=0

Compilation events (20 events):
Event: 1.766 Thread 0x00007f2f641b0800 2364       2       com.google.common.collect.ImmutableSet::asList (23 bytes)
Event: 1.766 Thread 0x00007f2f641b0800 nmethod 2364 0x00007f2f4d2f3b90 code [0x00007f2f4d2f3d40, 0x00007f2f4d2f3ee0]
Event: 1.767 Thread 0x00007f2f641b0800 2365 %     3       java.util.TimSort::binarySort @ 69 (223 bytes)
Event: 1.768 Thread 0x00007f2f641b0800 nmethod 2365% 0x00007f2f4d2f3f90 code [0x00007f2f4d2f41e0, 0x00007f2f4d2f4e50]
Event: 1.768 Thread 0x00007f2f641b0800 2366       3       java.util.TimSort::binarySort (223 bytes)
Event: 1.768 Thread 0x00007f2f641b0800 nmethod 2366 0x00007f2f4d2f5210 code [0x00007f2f4d2f5440, 0x00007f2f4d2f5f90]
Event: 1.769 Thread 0x00007f2f641b0800 2367       2       java.util.ArrayList::set (24 bytes)
Event: 1.769 Thread 0x00007f2f641b0800 nmethod 2367 0x00007f2f4d2f6290 code [0x00007f2f4d2f6480, 0x00007f2f4d2f69c0]
Event: 1.770 Thread 0x00007f2f641b0800 2368       2       org.codehaus.plexus.classworlds.realm.Entry::matches (282 bytes)
Event: 1.772 Thread 0x00007f2f641b0800 nmethod 2368 0x00007f2f4d2f6c90 code [0x00007f2f4d2f6fe0, 0x00007f2f4d2f7eb0]
Event: 1.773 Thread 0x00007f2f641b0800 2369       2       java.util.TreeMap$PrivateEntryIterator::nextEntry (54 bytes)
Event: 1.773 Thread 0x00007f2f641b0800 nmethod 2369 0x00007f2f4d2f8890 code [0x00007f2f4d2f8a80, 0x00007f2f4d2f8e20]
Event: 1.774 Thread 0x00007f2f641b0800 2370       2       java.util.TreeMap$KeyIterator::next (8 bytes)
Event: 1.774 Thread 0x00007f2f641b0800 nmethod 2370 0x00007f2f4d2f8f90 code [0x00007f2f4d2f9140, 0x00007f2f4d2f9260]
Event: 1.775 Thread 0x00007f2f641b0800 2371       2       org.eclipse.sisu.space.AbstractDeferredClass::getImplementationClass (2 bytes)
Event: 1.775 Thread 0x00007f2f641b0800 nmethod 2371 0x00007f2f4d2f9310 code [0x00007f2f4d2f94c0, 0x00007f2f4d2f95b0]
Event: 1.809 Thread 0x00007f2f641b0800 2373   !   2       java.lang.ref.ReferenceQueue::enqueue (119 bytes)
Event: 1.809 Thread 0x00007f2f641b0800 nmethod 2373 0x00007f2f4d2f9690 code [0x00007f2f4d2f9860, 0x00007f2f4d2f9de0]
Event: 1.810 Thread 0x00007f2f142e0000 nmethod 2347 0x00007f2f544a6690 code [0x00007f2f544a69a0, 0x00007f2f544a7e90]
Event: 1.810 Thread 0x00007f2f142e0000 2150       4       java.io.InputStreamReader::read (11 bytes)

GC Heap History (8 events):
Event: 0.453 GC heap before
{Heap before GC invocations=0 (full 0):
 garbage-first heap   total 190464K, used 13312K [0x0000000746800000, 0x0000000800000000)
  region size 1024K, 14 young (14336K), 0 survivors (0K)
 Metaspace       used 11033K, capacity 11241K, committed 11392K, reserved 1058816K
  class space    used 1070K, capacity 1152K, committed 1152K, reserved 1048576K
}
Event: 0.463 GC heap after
{Heap after GC invocations=1 (full 0):
 garbage-first heap   total 190464K, used 3132K [0x0000000746800000, 0x0000000800000000)
  region size 1024K, 2 young (2048K), 2 survivors (2048K)
 Metaspace       used 11033K, capacity 11241K, committed 11392K, reserved 1058816K
  class space    used 1070K, capacity 1152K, committed 1152K, reserved 1048576K
}
Event: 0.631 GC heap before
{Heap before GC invocations=1 (full 0):
 garbage-first heap   total 190464K, used 15420K [0x0000000746800000, 0x0000000800000000)
  region size 1024K, 14 young (14336K), 2 survivors (2048K)
 Metaspace       used 12537K, capacity 12725K, committed 12928K, reserved 1060864K
  class space    used 1275K, capacity 1348K, committed 1408K, reserved 1048576K
}
Event: 0.636 GC heap after
{Heap after GC invocations=2 (full 0):
 garbage-first heap   total 190464K, used 3560K [0x0000000746800000, 0x0000000800000000)
  region size 1024K, 1 young (1024K), 1 survivors (1024K)
 Metaspace       used 12537K, capacity 12725K, committed 12928K, reserved 1060864K
  class space    used 1275K, capacity 1348K, committed 1408K, reserved 1048576K
}
Event: 1.154 GC heap before
{Heap before GC invocations=2 (full 0):
 garbage-first heap   total 190464K, used 35304K [0x0000000746800000, 0x0000000800000000)
  region size 1024K, 32 young (32768K), 1 survivors (1024K)
 Metaspace       used 17339K, capacity 17568K, committed 17920K, reserved 1064960K
  class space    used 1898K, capacity 2037K, committed 2048K, reserved 1048576K
}
Event: 1.158 GC heap after
{Heap after GC invocations=3 (full 0):
 garbage-first heap   total 190464K, used 5252K [0x0000000746800000, 0x0000000800000000)
  region size 1024K, 3 young (3072K), 3 survivors (3072K)
 Metaspace       used 17339K, capacity 17568K, committed 17920K, reserved 1064960K
  class space    used 1898K, capacity 2037K, committed 2048K, reserved 1048576K
}
Event: 1.778 GC heap before
{Heap before GC invocations=3 (full 0):
 garbage-first heap   total 190464K, used 32900K [0x0000000746800000, 0x0000000800000000)
  region size 1024K, 31 young (31744K), 3 survivors (3072K)
 Metaspace       used 20669K, capacity 21002K, committed 21296K, reserved 1069056K
  class space    used 2209K, capacity 2317K, committed 2432K, reserved 1048576K
}
Event: 1.808 GC heap after
{Heap after GC invocations=4 (full 0):
 garbage-first heap   total 190464K, used 7401K [0x0000000746800000, 0x0000000800000000)
  region size 1024K, 5 young (5120K), 5 survivors (5120K)
 Metaspace       used 20669K, capacity 21002K, committed 21296K, reserved 1069056K
  class space    used 2209K, capacity 2317K, committed 2432K, reserved 1048576K
}

Deoptimization events (20 events):
Event: 1.740 Thread 0x00007f2f64016800 DEOPT PACKING pc=0x00007f2f4d268a6f sp=0x00007f2f6b420330
Event: 1.740 Thread 0x00007f2f64016800 DEOPT UNPACKING pc=0x00007f2f4c9285ba sp=0x00007f2f6b41f8d8 mode 0
Event: 1.740 Thread 0x00007f2f64016800 Uncommon trap: trap_request=0xffffff4d fr.pc=0x00007f2f5448c6c4 relative=0x0000000000000e04
Event: 1.740 Thread 0x00007f2f64016800 Uncommon trap: reason=unstable_if action=reinterpret pc=0x00007f2f5448c6c4 method=org.codehaus.plexus.util.xml.pull.MXParser.nextImpl()I @ 972 c2
Event: 1.740 Thread 0x00007f2f64016800 DEOPT PACKING pc=0x00007f2f5448c6c4 sp=0x00007f2f6b420690
Event: 1.740 Thread 0x00007f2f64016800 DEOPT UNPACKING pc=0x00007f2f4c9287a5 sp=0x00007f2f6b420610 mode 2
Event: 1.765 Thread 0x00007f2f64016800 Uncommon trap: trap_request=0xffffff4d fr.pc=0x00007f2f54499d90 relative=0x0000000000005330
Event: 1.765 Thread 0x00007f2f64016800 Uncommon trap: reason=unstable_if action=reinterpret pc=0x00007f2f54499d90 method=sun.net.www.protocol.jar.Handler.parseURL(Ljava/net/URL;Ljava/lang/String;II)V @ 116 c2
Event: 1.765 Thread 0x00007f2f64016800 DEOPT PACKING pc=0x00007f2f54499d90 sp=0x00007f2f6b420b40
Event: 1.765 Thread 0x00007f2f64016800 DEOPT UNPACKING pc=0x00007f2f4c9287a5 sp=0x00007f2f6b420a38 mode 2
Event: 1.768 Thread 0x00007f2f64016800 DEOPT PACKING pc=0x00007f2f4d05e193 sp=0x00007f2f6b420ad0
Event: 1.768 Thread 0x00007f2f64016800 DEOPT UNPACKING pc=0x00007f2f4c9285ba sp=0x00007f2f6b41ff90 mode 0
Event: 1.768 Thread 0x00007f2f64016800 Uncommon trap: trap_request=0xffffffde fr.pc=0x00007f2f54467690 relative=0x0000000000000070
Event: 1.768 Thread 0x00007f2f64016800 Uncommon trap: reason=class_check action=maybe_recompile pc=0x00007f2f54467690 method=com.google.inject.internal.LinkedBindingImpl.acceptTargetVisitor(Lcom/google/inject/spi/BindingTargetVisitor;)Ljava/lang/Object; @ 2 c2
Event: 1.768 Thread 0x00007f2f64016800 DEOPT PACKING pc=0x00007f2f54467690 sp=0x00007f2f6b420fa0
Event: 1.768 Thread 0x00007f2f64016800 DEOPT UNPACKING pc=0x00007f2f4c9287a5 sp=0x00007f2f6b420f58 mode 2
Event: 1.769 Thread 0x00007f2f64016800 Uncommon trap: trap_request=0xffffffde fr.pc=0x00007f2f54467690 relative=0x0000000000000070
Event: 1.769 Thread 0x00007f2f64016800 Uncommon trap: reason=class_check action=maybe_recompile pc=0x00007f2f54467690 method=com.google.inject.internal.LinkedBindingImpl.acceptTargetVisitor(Lcom/google/inject/spi/BindingTargetVisitor;)Ljava/lang/Object; @ 2 c2
Event: 1.769 Thread 0x00007f2f64016800 DEOPT PACKING pc=0x00007f2f54467690 sp=0x00007f2f6b420fa0
Event: 1.769 Thread 0x00007f2f64016800 DEOPT UNPACKING pc=0x00007f2f4c9287a5 sp=0x00007f2f6b420f58 mode 2

Classes redefined (0 events):
No events

Internal exceptions (6 events):
Event: 0.164 Thread 0x00007f2f64016800 Exception <a 'java/lang/NoSuchMethodError'{0x0000000751e14160}: 'int java.lang.invoke.DirectMethodHandle$Holder.invokeSpecialIFC(java.lang.Object, java.lang.Object, int)'> (0x0000000751e14160) thrown at [src/hotspot/share/interpreter/linkResolver.cpp, line 772]
Event: 1.167 Thread 0x00007f2f64016800 Exception <a 'java/lang/NoClassDefFoundError'{0x000000075215eda8}: com/google/inject/servlet/ServletModuleTargetVisitor> (0x000000075215eda8) thrown at [src/hotspot/share/classfile/systemDictionary.cpp, line 220]
Event: 1.167 Thread 0x00007f2f64016800 Exception <a 'java/lang/NoClassDefFoundError'{0x000000075215eda8}> (0x000000075215eda8) thrown at [src/hotspot/share/prims/jvm.cpp, line 1301]
Event: 1.167 Thread 0x00007f2f64016800 Exception <a 'java/lang/NoClassDefFoundError'{0x0000000752161b10}: javax/annotation/Priority> (0x0000000752161b10) thrown at [src/hotspot/share/classfile/systemDictionary.cpp, line 220]
Event: 1.695 Thread 0x00007f2f64016800 Implicit null exception at 0x00007f2f54458ff5 to 0x00007f2f544591d8
Event: 1.698 Thread 0x00007f2f64016800 Implicit null exception at 0x00007f2f54436b2f to 0x00007f2f54436ba9

Events (20 events):
Event: 1.774 loading class org/apache/maven/plugin/clean/Fileset
Event: 1.774 loading class org/apache/maven/plugin/clean/Fileset done
Event: 1.776 loading class java/util/StringJoiner
Event: 1.776 loading class java/util/StringJoiner done
Event: 1.776 loading class com/google/inject/internal/Messages
Event: 1.776 loading class com/google/inject/internal/Messages done
Event: 1.777 loading class com/google/inject/internal/Messages$1
Event: 1.777 loading class com/google/inject/internal/Messages$1 done
Event: 1.777 loading class com/google/inject/internal/Messages$Converter
Event: 1.777 loading class com/google/inject/internal/Messages$Converter done
Event: 1.777 loading class com/google/inject/internal/Messages$2
Event: 1.777 loading class com/google/inject/internal/Messages$2 done
Event: 1.778 loading class com/google/inject/internal/Messages$3
Event: 1.778 loading class com/google/inject/internal/Messages$3 done
Event: 1.778 Executing VM operation: CollectForMetadataAllocation
Event: 1.808 Executing VM operation: CollectForMetadataAllocation done
Event: 1.810 loading class com/google/inject/internal/Errors$1
Event: 1.810 loading class com/google/inject/internal/Errors$1 done
Event: 1.810 loading class com/google/common/collect/Iterables
Event: 1.810 loading class com/google/common/collect/Iterables done


Dynamic libraries:
746800000-752200000 rw-p 00000000 00:00 0 
752200000-800000000 ---p 00000000 00:00 0 
800000000-800260000 rw-p 00000000 00:00 0 
800260000-840000000 ---p 00000000 00:00 0 
563b4f207000-563b4f208000 r--p 00000000 08:07 2635132                    /usr/lib/jvm/java-11-openjdk-amd64/bin/java
563b4f208000-563b4f209000 r-xp 00001000 08:07 2635132                    /usr/lib/jvm/java-11-openjdk-amd64/bin/java
563b4f209000-563b4f20a000 r--p 00002000 08:07 2635132                    /usr/lib/jvm/java-11-openjdk-amd64/bin/java
563b4f20a000-563b4f20b000 r--p 00002000 08:07 2635132                    /usr/lib/jvm/java-11-openjdk-amd64/bin/java
563b4f20b000-563b4f20c000 rw-p 00003000 08:07 2635132                    /usr/lib/jvm/java-11-openjdk-amd64/bin/java
563b508a3000-563b508c4000 rw-p 00000000 00:00 0                          [heap]
7f2ef0000000-7f2ef0507000 rw-p 00000000 00:00 0 
7f2ef0507000-7f2ef4000000 ---p 00000000 00:00 0 
7f2ef8000000-7f2ef8021000 rw-p 00000000 00:00 0 
7f2ef8021000-7f2efc000000 ---p 00000000 00:00 0 
7f2efc000000-7f2efc021000 rw-p 00000000 00:00 0 
7f2efc021000-7f2f00000000 ---p 00000000 00:00 0 
7f2f00000000-7f2f00021000 rw-p 00000000 00:00 0 
7f2f00021000-7f2f04000000 ---p 00000000 00:00 0 
7f2f04000000-7f2f04021000 rw-p 00000000 00:00 0 
7f2f04021000-7f2f08000000 ---p 00000000 00:00 0 
7f2f0b1fd000-7f2f0b2a9000 rw-p 00000000 00:00 0 
7f2f0b2a9000-7f2f0b3fd000 ---p 00000000 00:00 0 
7f2f0b3fd000-7f2f0b5fd000 rw-p 00000000 00:00 0 
7f2f0b5fd000-7f2f0b7fd000 rw-p 00000000 00:00 0 
7f2f0b7fd000-7f2f0b9fd000 rw-p 00000000 00:00 0 
7f2f0b9fd000-7f2f0ba01000 ---p 00000000 00:00 0 
7f2f0ba01000-7f2f0bcfe000 rw-p 00000000 00:00 0 
7f2f0bcfe000-7f2f0bcff000 ---p 00000000 00:00 0 
7f2f0bcff000-7f2f0c000000 rw-p 00000000 00:00 0 
7f2f0c000000-7f2f0c021000 rw-p 00000000 00:00 0 
7f2f0c021000-7f2f10000000 ---p 00000000 00:00 0 
7f2f10000000-7f2f10021000 rw-p 00000000 00:00 0 
7f2f10021000-7f2f14000000 ---p 00000000 00:00 0 
7f2f14000000-7f2f14687000 rw-p 00000000 00:00 0 
7f2f14687000-7f2f18000000 ---p 00000000 00:00 0 
7f2f18000000-7f2f18021000 rw-p 00000000 00:00 0 
7f2f18021000-7f2f1c000000 ---p 00000000 00:00 0 
7f2f1c000000-7f2f1c021000 rw-p 00000000 00:00 0 
7f2f1c021000-7f2f20000000 ---p 00000000 00:00 0 
7f2f20000000-7f2f20d5b000 rw-p 00000000 00:00 0 
7f2f20d5b000-7f2f24000000 ---p 00000000 00:00 0 
7f2f24000000-7f2f24021000 rw-p 00000000 00:00 0 
7f2f24021000-7f2f28000000 ---p 00000000 00:00 0 
7f2f28000000-7f2f28021000 rw-p 00000000 00:00 0 
7f2f28021000-7f2f2c000000 ---p 00000000 00:00 0 
7f2f2c000000-7f2f2c021000 rw-p 00000000 00:00 0 
7f2f2c021000-7f2f30000000 ---p 00000000 00:00 0 
7f2f30000000-7f2f30021000 rw-p 00000000 00:00 0 
7f2f30021000-7f2f34000000 ---p 00000000 00:00 0 
7f2f34000000-7f2f34021000 rw-p 00000000 00:00 0 
7f2f34021000-7f2f38000000 ---p 00000000 00:00 0 
7f2f38000000-7f2f38021000 rw-p 00000000 00:00 0 
7f2f38021000-7f2f3c000000 ---p 00000000 00:00 0 
7f2f3c000000-7f2f3c021000 rw-p 00000000 00:00 0 
7f2f3c021000-7f2f40000000 ---p 00000000 00:00 0 
7f2f4003b000-7f2f4003c000 ---p 00000000 00:00 0 
7f2f4003c000-7f2f4013d000 rw-p 00000000 00:00 0 
7f2f4013d000-7f2f40140000 r-xp 00000000 07:07 2330                       /snap/netbeans/35/netbeans/java/maven/lib/jansi-native/linux64/libjansi.so
7f2f40140000-7f2f4033f000 ---p 00003000 07:07 2330                       /snap/netbeans/35/netbeans/java/maven/lib/jansi-native/linux64/libjansi.so
7f2f4033f000-7f2f40340000 rw-p 00002000 07:07 2330                       /snap/netbeans/35/netbeans/java/maven/lib/jansi-native/linux64/libjansi.so
7f2f40340000-7f2f42628000 rw-p 00000000 00:00 0 
7f2f42628000-7f2f451a0000 ---p 00000000 00:00 0 
7f2f451a0000-7f2f45488000 rw-p 00000000 00:00 0 
7f2f45488000-7f2f48000000 ---p 00000000 00:00 0 
7f2f48000000-7f2f48021000 rw-p 00000000 00:00 0 
7f2f48021000-7f2f4c000000 ---p 00000000 00:00 0 
7f2f4c0c2000-7f2f4c0c3000 ---p 00000000 00:00 0 
7f2f4c0c3000-7f2f4c1c4000 rw-p 00000000 00:00 0 
7f2f4c1c4000-7f2f4c1c5000 r--p 00000000 08:07 2623635                    /usr/lib/x86_64-linux-gnu/libutil-2.31.so
7f2f4c1c5000-7f2f4c1c6000 r-xp 00001000 08:07 2623635                    /usr/lib/x86_64-linux-gnu/libutil-2.31.so
7f2f4c1c6000-7f2f4c1c7000 r--p 00002000 08:07 2623635                    /usr/lib/x86_64-linux-gnu/libutil-2.31.so
7f2f4c1c7000-7f2f4c1c8000 r--p 00002000 08:07 2623635                    /usr/lib/x86_64-linux-gnu/libutil-2.31.so
7f2f4c1c8000-7f2f4c1c9000 rw-p 00003000 08:07 2623635                    /usr/lib/x86_64-linux-gnu/libutil-2.31.so
7f2f4c1c9000-7f2f4c1fa000 rw-p 00000000 00:00 0 
7f2f4c1fa000-7f2f4c1fe000 ---p 00000000 00:00 0 
7f2f4c1fe000-7f2f4c2fb000 rw-p 00000000 00:00 0 
7f2f4c2fb000-7f2f4c2fc000 ---p 00000000 00:00 0 
7f2f4c2fc000-7f2f4c3fd000 rw-p 00000000 00:00 0 
7f2f4c3fd000-7f2f4c401000 ---p 00000000 00:00 0 
7f2f4c401000-7f2f4c4fe000 rw-p 00000000 00:00 0 
7f2f4c4fe000-7f2f4c502000 ---p 00000000 00:00 0 
7f2f4c502000-7f2f4c5ff000 rw-p 00000000 00:00 0 
7f2f4c5ff000-7f2f4c603000 ---p 00000000 00:00 0 
7f2f4c603000-7f2f4c700000 rw-p 00000000 00:00 0 
7f2f4c700000-7f2f4c704000 ---p 00000000 00:00 0 
7f2f4c704000-7f2f4c801000 rw-p 00000000 00:00 0 
7f2f4c801000-7f2f4c805000 ---p 00000000 00:00 0 
7f2f4c805000-7f2f4c902000 rw-p 00000000 00:00 0 
7f2f4c902000-7f2f4cb72000 rwxp 00000000 00:00 0 
7f2f4cb72000-7f2f4ce92000 ---p 00000000 00:00 0 
7f2f4ce92000-7f2f4d312000 rwxp 00000000 00:00 0 
7f2f4d312000-7f2f543ca000 ---p 00000000 00:00 0 
7f2f543ca000-7f2f5463a000 rwxp 00000000 00:00 0 
7f2f5463a000-7f2f5b902000 ---p 00000000 00:00 0 
7f2f5b902000-7f2f64000000 r--s 00000000 08:07 2635295                    /usr/lib/jvm/java-11-openjdk-amd64/lib/modules
7f2f64000000-7f2f64b9f000 rw-p 00000000 00:00 0 
7f2f64b9f000-7f2f68000000 ---p 00000000 00:00 0 
7f2f68014000-7f2f68018000 r--p 00000000 08:07 2635285                    /usr/lib/jvm/java-11-openjdk-amd64/lib/libnet.so
7f2f68018000-7f2f68027000 r-xp 00004000 08:07 2635285                    /usr/lib/jvm/java-11-openjdk-amd64/lib/libnet.so
7f2f68027000-7f2f6802b000 r--p 00013000 08:07 2635285                    /usr/lib/jvm/java-11-openjdk-amd64/lib/libnet.so
7f2f6802b000-7f2f6802c000 r--p 00016000 08:07 2635285                    /usr/lib/jvm/java-11-openjdk-amd64/lib/libnet.so
7f2f6802c000-7f2f6802d000 rw-p 00017000 08:07 2635285                    /usr/lib/jvm/java-11-openjdk-amd64/lib/libnet.so
7f2f6802d000-7f2f68034000 r--p 00000000 08:07 2635286                    /usr/lib/jvm/java-11-openjdk-amd64/lib/libnio.so
7f2f68034000-7f2f6803c000 r-xp 00007000 08:07 2635286                    /usr/lib/jvm/java-11-openjdk-amd64/lib/libnio.so
7f2f6803c000-7f2f6803f000 r--p 0000f000 08:07 2635286                    /usr/lib/jvm/java-11-openjdk-amd64/lib/libnio.so
7f2f6803f000-7f2f68040000 r--p 00011000 08:07 2635286                    /usr/lib/jvm/java-11-openjdk-amd64/lib/libnio.so
7f2f68040000-7f2f68041000 rw-p 00012000 08:07 2635286                    /usr/lib/jvm/java-11-openjdk-amd64/lib/libnio.so
7f2f68041000-7f2f685b1000 r--p 00000000 08:07 2622560                    /usr/lib/locale/locale-archive
7f2f685b1000-7f2f685b5000 ---p 00000000 00:00 0 
7f2f685b5000-7f2f686b2000 rw-p 00000000 00:00 0 
7f2f686b2000-7f2f686b6000 ---p 00000000 00:00 0 
7f2f686b6000-7f2f687b3000 rw-p 00000000 00:00 0 
7f2f687b3000-7f2f687b4000 ---p 00000000 00:00 0 
7f2f687b4000-7f2f691b9000 rw-p 00000000 00:00 0 
7f2f691b9000-7f2f691fb000 rw-p 00000000 00:00 0 
7f2f691fb000-7f2f691fc000 ---p 00000000 00:00 0 
7f2f691fc000-7f2f692fd000 rw-p 00000000 00:00 0 
7f2f692fd000-7f2f692fe000 ---p 00000000 00:00 0 
7f2f692fe000-7f2f69803000 rw-p 00000000 00:00 0 
7f2f69803000-7f2f69804000 ---p 00000000 00:00 0 
7f2f69804000-7f2f69905000 rw-p 00000000 00:00 0 
7f2f69905000-7f2f69906000 ---p 00000000 00:00 0 
7f2f69906000-7f2f69ac7000 rw-p 00000000 00:00 0 
7f2f69ac7000-7f2f6a036000 ---p 00000000 00:00 0 
7f2f6a036000-7f2f6a093000 rw-p 00000000 00:00 0 
7f2f6a093000-7f2f6a602000 ---p 00000000 00:00 0 
7f2f6a602000-7f2f6a65f000 rw-p 00000000 00:00 0 
7f2f6a65f000-7f2f6abce000 ---p 00000000 00:00 0 
7f2f6abce000-7f2f6afd2000 rw-p 00000000 00:00 0 
7f2f6afd2000-7f2f6afd3000 ---p 00000000 00:00 0 
7f2f6afd3000-7f2f6b0d9000 rw-p 00000000 00:00 0 
7f2f6b0d9000-7f2f6b1bf000 ---p 00000000 00:00 0 
7f2f6b1bf000-7f2f6b1c8000 rw-p 00000000 00:00 0 
7f2f6b1c8000-7f2f6b2aa000 ---p 00000000 00:00 0 
7f2f6b2aa000-7f2f6b2af000 rw-p 00000000 00:00 0 
7f2f6b2af000-7f2f6b2b6000 ---p 00000000 00:00 0 
7f2f6b2b6000-7f2f6b2b8000 r--s 0000c000 08:07 3287439                    /usr/share/java/java-atk-wrapper.jar
7f2f6b2b8000-7f2f6b2bb000 r--p 00000000 08:07 2623626                    /usr/lib/x86_64-linux-gnu/libnss_files-2.31.so
7f2f6b2bb000-7f2f6b2c2000 r-xp 00003000 08:07 2623626                    /usr/lib/x86_64-linux-gnu/libnss_files-2.31.so
7f2f6b2c2000-7f2f6b2c4000 r--p 0000a000 08:07 2623626                    /usr/lib/x86_64-linux-gnu/libnss_files-2.31.so
7f2f6b2c4000-7f2f6b2c5000 r--p 0000b000 08:07 2623626                    /usr/lib/x86_64-linux-gnu/libnss_files-2.31.so
7f2f6b2c5000-7f2f6b2c6000 rw-p 0000c000 08:07 2623626                    /usr/lib/x86_64-linux-gnu/libnss_files-2.31.so
7f2f6b2c6000-7f2f6b2cc000 rw-p 00000000 00:00 0 
7f2f6b2cd000-7f2f6b2cf000 r--p 00000000 08:07 2635294                    /usr/lib/jvm/java-11-openjdk-amd64/lib/libzip.so
7f2f6b2cf000-7f2f6b2d3000 r-xp 00002000 08:07 2635294                    /usr/lib/jvm/java-11-openjdk-amd64/lib/libzip.so
7f2f6b2d3000-7f2f6b2d5000 r--p 00006000 08:07 2635294                    /usr/lib/jvm/java-11-openjdk-amd64/lib/libzip.so
7f2f6b2d5000-7f2f6b2d6000 r--p 00007000 08:07 2635294                    /usr/lib/jvm/java-11-openjdk-amd64/lib/libzip.so
7f2f6b2d6000-7f2f6b2d7000 rw-p 00008000 08:07 2635294                    /usr/lib/jvm/java-11-openjdk-amd64/lib/libzip.so
7f2f6b2d7000-7f2f6b2df000 rw-s 00000000 08:07 1446256                    /tmp/hsperfdata_james/45183
7f2f6b2df000-7f2f6b2e0000 ---p 00000000 00:00 0 
7f2f6b2e0000-7f2f6b2e1000 r--p 00000000 00:00 0 
7f2f6b2e1000-7f2f6b2e3000 r--p 00000000 08:07 2635277                    /usr/lib/jvm/java-11-openjdk-amd64/lib/libjimage.so
7f2f6b2e3000-7f2f6b2e6000 r-xp 00002000 08:07 2635277                    /usr/lib/jvm/java-11-openjdk-amd64/lib/libjimage.so
7f2f6b2e6000-7f2f6b2e7000 r--p 00005000 08:07 2635277                    /usr/lib/jvm/java-11-openjdk-amd64/lib/libjimage.so
7f2f6b2e7000-7f2f6b2e8000 ---p 00006000 08:07 2635277                    /usr/lib/jvm/java-11-openjdk-amd64/lib/libjimage.so
7f2f6b2e8000-7f2f6b2e9000 r--p 00006000 08:07 2635277                    /usr/lib/jvm/java-11-openjdk-amd64/lib/libjimage.so
7f2f6b2e9000-7f2f6b2ea000 rw-p 00007000 08:07 2635277                    /usr/lib/jvm/java-11-openjdk-amd64/lib/libjimage.so
7f2f6b2ea000-7f2f6b2f8000 r--p 00000000 08:07 2635273                    /usr/lib/jvm/java-11-openjdk-amd64/lib/libjava.so
7f2f6b2f8000-7f2f6b30e000 r-xp 0000e000 08:07 2635273                    /usr/lib/jvm/java-11-openjdk-amd64/lib/libjava.so
7f2f6b30e000-7f2f6b315000 r--p 00024000 08:07 2635273                    /usr/lib/jvm/java-11-openjdk-amd64/lib/libjava.so
7f2f6b315000-7f2f6b316000 r--p 0002a000 08:07 2635273                    /usr/lib/jvm/java-11-openjdk-amd64/lib/libjava.so
7f2f6b316000-7f2f6b317000 rw-p 0002b000 08:07 2635273                    /usr/lib/jvm/java-11-openjdk-amd64/lib/libjava.so
7f2f6b317000-7f2f6b318000 rw-p 00000000 00:00 0 
7f2f6b318000-7f2f6b31b000 r--p 00000000 08:07 2623633                    /usr/lib/x86_64-linux-gnu/librt-2.31.so
7f2f6b31b000-7f2f6b31f000 r-xp 00003000 08:07 2623633                    /usr/lib/x86_64-linux-gnu/librt-2.31.so
7f2f6b31f000-7f2f6b320000 r--p 00007000 08:07 2623633                    /usr/lib/x86_64-linux-gnu/librt-2.31.so
7f2f6b320000-7f2f6b321000 ---p 00008000 08:07 2623633                    /usr/lib/x86_64-linux-gnu/librt-2.31.so
7f2f6b321000-7f2f6b322000 r--p 00008000 08:07 2623633                    /usr/lib/x86_64-linux-gnu/librt-2.31.so
7f2f6b322000-7f2f6b323000 rw-p 00009000 08:07 2623633                    /usr/lib/x86_64-linux-gnu/librt-2.31.so
7f2f6b323000-7f2f6b327000 ---p 00000000 00:00 0 
7f2f6b327000-7f2f6b424000 rw-p 00000000 00:00 0 
7f2f6b424000-7f2f6b427000 r--p 00000000 08:07 2630070                    /usr/lib/x86_64-linux-gnu/libgcc_s.so.1
7f2f6b427000-7f2f6b439000 r-xp 00003000 08:07 2630070                    /usr/lib/x86_64-linux-gnu/libgcc_s.so.1
7f2f6b439000-7f2f6b43d000 r--p 00015000 08:07 2630070                    /usr/lib/x86_64-linux-gnu/libgcc_s.so.1
7f2f6b43d000-7f2f6b43e000 r--p 00018000 08:07 2630070                    /usr/lib/x86_64-linux-gnu/libgcc_s.so.1
7f2f6b43e000-7f2f6b43f000 rw-p 00019000 08:07 2630070                    /usr/lib/x86_64-linux-gnu/libgcc_s.so.1
7f2f6b43f000-7f2f6b44e000 r--p 00000000 08:07 2623620                    /usr/lib/x86_64-linux-gnu/libm-2.31.so
7f2f6b44e000-7f2f6b4f5000 r-xp 0000f000 08:07 2623620                    /usr/lib/x86_64-linux-gnu/libm-2.31.so
7f2f6b4f5000-7f2f6b58c000 r--p 000b6000 08:07 2623620                    /usr/lib/x86_64-linux-gnu/libm-2.31.so
7f2f6b58c000-7f2f6b58d000 r--p 0014c000 08:07 2623620                    /usr/lib/x86_64-linux-gnu/libm-2.31.so
7f2f6b58d000-7f2f6b58e000 rw-p 0014d000 08:07 2623620                    /usr/lib/x86_64-linux-gnu/libm-2.31.so
7f2f6b58e000-7f2f6b624000 r--p 00000000 08:07 2630853                    /usr/lib/x86_64-linux-gnu/libstdc++.so.6.0.28
7f2f6b624000-7f2f6b714000 r-xp 00096000 08:07 2630853                    /usr/lib/x86_64-linux-gnu/libstdc++.so.6.0.28
7f2f6b714000-7f2f6b75d000 r--p 00186000 08:07 2630853                    /usr/lib/x86_64-linux-gnu/libstdc++.so.6.0.28
7f2f6b75d000-7f2f6b75e000 ---p 001cf000 08:07 2630853                    /usr/lib/x86_64-linux-gnu/libstdc++.so.6.0.28
7f2f6b75e000-7f2f6b769000 r--p 001cf000 08:07 2630853                    /usr/lib/x86_64-linux-gnu/libstdc++.so.6.0.28
7f2f6b769000-7f2f6b76c000 rw-p 001da000 08:07 2630853                    /usr/lib/x86_64-linux-gnu/libstdc++.so.6.0.28
7f2f6b76c000-7f2f6b76f000 rw-p 00000000 00:00 0 
7f2f6b76f000-7f2f6b9dc000 r--p 00000000 08:07 2635300                    /usr/lib/jvm/java-11-openjdk-amd64/lib/server/libjvm.so
7f2f6b9dc000-7f2f6c570000 r-xp 0026d000 08:07 2635300                    /usr/lib/jvm/java-11-openjdk-amd64/lib/server/libjvm.so
7f2f6c570000-7f2f6c7a7000 r--p 00e01000 08:07 2635300                    /usr/lib/jvm/java-11-openjdk-amd64/lib/server/libjvm.so
7f2f6c7a7000-7f2f6c864000 r--p 01037000 08:07 2635300                    /usr/lib/jvm/java-11-openjdk-amd64/lib/server/libjvm.so
7f2f6c864000-7f2f6c89d000 rw-p 010f4000 08:07 2635300                    /usr/lib/jvm/java-11-openjdk-amd64/lib/server/libjvm.so
7f2f6c89d000-7f2f6c8f6000 rw-p 00000000 00:00 0 
7f2f6c8f6000-7f2f6c8fd000 r--p 00000000 08:07 2623631                    /usr/lib/x86_64-linux-gnu/libpthread-2.31.so
7f2f6c8fd000-7f2f6c90e000 r-xp 00007000 08:07 2623631                    /usr/lib/x86_64-linux-gnu/libpthread-2.31.so
7f2f6c90e000-7f2f6c913000 r--p 00018000 08:07 2623631                    /usr/lib/x86_64-linux-gnu/libpthread-2.31.so
7f2f6c913000-7f2f6c914000 r--p 0001c000 08:07 2623631                    /usr/lib/x86_64-linux-gnu/libpthread-2.31.so
7f2f6c914000-7f2f6c915000 rw-p 0001d000 08:07 2623631                    /usr/lib/x86_64-linux-gnu/libpthread-2.31.so
7f2f6c915000-7f2f6c919000 rw-p 00000000 00:00 0 
7f2f6c919000-7f2f6c91a000 r--p 00000000 08:07 2623619                    /usr/lib/x86_64-linux-gnu/libdl-2.31.so
7f2f6c91a000-7f2f6c91c000 r-xp 00001000 08:07 2623619                    /usr/lib/x86_64-linux-gnu/libdl-2.31.so
7f2f6c91c000-7f2f6c91d000 r--p 00003000 08:07 2623619                    /usr/lib/x86_64-linux-gnu/libdl-2.31.so
7f2f6c91d000-7f2f6c91e000 r--p 00003000 08:07 2623619                    /usr/lib/x86_64-linux-gnu/libdl-2.31.so
7f2f6c91e000-7f2f6c91f000 rw-p 00004000 08:07 2623619                    /usr/lib/x86_64-linux-gnu/libdl-2.31.so
7f2f6c91f000-7f2f6c921000 r--p 00000000 08:07 2631115                    /usr/lib/x86_64-linux-gnu/libz.so.1.2.11
7f2f6c921000-7f2f6c932000 r-xp 00002000 08:07 2631115                    /usr/lib/x86_64-linux-gnu/libz.so.1.2.11
7f2f6c932000-7f2f6c938000 r--p 00013000 08:07 2631115                    /usr/lib/x86_64-linux-gnu/libz.so.1.2.11
7f2f6c938000-7f2f6c939000 ---p 00019000 08:07 2631115                    /usr/lib/x86_64-linux-gnu/libz.so.1.2.11
7f2f6c939000-7f2f6c93a000 r--p 00019000 08:07 2631115                    /usr/lib/x86_64-linux-gnu/libz.so.1.2.11
7f2f6c93a000-7f2f6c93b000 rw-p 0001a000 08:07 2631115                    /usr/lib/x86_64-linux-gnu/libz.so.1.2.11
7f2f6c93b000-7f2f6c960000 r--p 00000000 08:07 2623618                    /usr/lib/x86_64-linux-gnu/libc-2.31.so
7f2f6c960000-7f2f6cad8000 r-xp 00025000 08:07 2623618                    /usr/lib/x86_64-linux-gnu/libc-2.31.so
7f2f6cad8000-7f2f6cb22000 r--p 0019d000 08:07 2623618                    /usr/lib/x86_64-linux-gnu/libc-2.31.so
7f2f6cb22000-7f2f6cb23000 ---p 001e7000 08:07 2623618                    /usr/lib/x86_64-linux-gnu/libc-2.31.so
7f2f6cb23000-7f2f6cb26000 r--p 001e7000 08:07 2623618                    /usr/lib/x86_64-linux-gnu/libc-2.31.so
7f2f6cb26000-7f2f6cb29000 rw-p 001ea000 08:07 2623618                    /usr/lib/x86_64-linux-gnu/libc-2.31.so
7f2f6cb29000-7f2f6cb2d000 rw-p 00000000 00:00 0 
7f2f6cb2e000-7f2f6cb33000 r--p 00000000 08:07 2635293                    /usr/lib/jvm/java-11-openjdk-amd64/lib/libverify.so
7f2f6cb33000-7f2f6cb3a000 r-xp 00005000 08:07 2635293                    /usr/lib/jvm/java-11-openjdk-amd64/lib/libverify.so
7f2f6cb3a000-7f2f6cb3c000 r--p 0000c000 08:07 2635293                    /usr/lib/jvm/java-11-openjdk-amd64/lib/libverify.so
7f2f6cb3c000-7f2f6cb3d000 ---p 0000e000 08:07 2635293                    /usr/lib/jvm/java-11-openjdk-amd64/lib/libverify.so
7f2f6cb3d000-7f2f6cb3f000 r--p 0000e000 08:07 2635293                    /usr/lib/jvm/java-11-openjdk-amd64/lib/libverify.so
7f2f6cb3f000-7f2f6cb40000 rw-p 00010000 08:07 2635293                    /usr/lib/jvm/java-11-openjdk-amd64/lib/libverify.so
7f2f6cb40000-7f2f6cb43000 r--p 00000000 08:07 2635257                    /usr/lib/jvm/java-11-openjdk-amd64/lib/jli/libjli.so
7f2f6cb43000-7f2f6cb4d000 r-xp 00003000 08:07 2635257                    /usr/lib/jvm/java-11-openjdk-amd64/lib/jli/libjli.so
7f2f6cb4d000-7f2f6cb50000 r--p 0000d000 08:07 2635257                    /usr/lib/jvm/java-11-openjdk-amd64/lib/jli/libjli.so
7f2f6cb50000-7f2f6cb51000 ---p 00010000 08:07 2635257                    /usr/lib/jvm/java-11-openjdk-amd64/lib/jli/libjli.so
7f2f6cb51000-7f2f6cb52000 r--p 00010000 08:07 2635257                    /usr/lib/jvm/java-11-openjdk-amd64/lib/jli/libjli.so
7f2f6cb52000-7f2f6cb53000 rw-p 00011000 08:07 2635257                    /usr/lib/jvm/java-11-openjdk-amd64/lib/jli/libjli.so
7f2f6cb53000-7f2f6cb55000 rw-p 00000000 00:00 0 
7f2f6cb55000-7f2f6cb56000 r--p 00000000 08:07 2623613                    /usr/lib/x86_64-linux-gnu/ld-2.31.so
7f2f6cb56000-7f2f6cb79000 r-xp 00001000 08:07 2623613                    /usr/lib/x86_64-linux-gnu/ld-2.31.so
7f2f6cb79000-7f2f6cb81000 r--p 00024000 08:07 2623613                    /usr/lib/x86_64-linux-gnu/ld-2.31.so
7f2f6cb82000-7f2f6cb83000 r--p 0002c000 08:07 2623613                    /usr/lib/x86_64-linux-gnu/ld-2.31.so
7f2f6cb83000-7f2f6cb84000 rw-p 0002d000 08:07 2623613                    /usr/lib/x86_64-linux-gnu/ld-2.31.so
7f2f6cb84000-7f2f6cb85000 rw-p 00000000 00:00 0 
7fff31c5c000-7fff31c7d000 rw-p 00000000 00:00 0                          [stack]
7fff31d03000-7fff31d06000 r--p 00000000 00:00 0                          [vvar]
7fff31d06000-7fff31d07000 r-xp 00000000 00:00 0                          [vdso]
ffffffffff600000-ffffffffff601000 --xp 00000000 00:00 0                  [vsyscall]


VM Arguments:
jvm_args: -Dclassworlds.conf=/snap/netbeans/35/netbeans/java/maven/bin/m2.conf -Dmaven.home=/snap/netbeans/35/netbeans/java/maven -Dlibrary.jansi.path=/snap/netbeans/35/netbeans/java/maven/lib/jansi-native -Dmaven.multiModuleProjectDirectory=/home/james/NetBeansProjects/HospitalJames 
java_command: org.codehaus.plexus.classworlds.launcher.Launcher -Dmaven.ext.class.path=/snap/netbeans/35/netbeans/java/maven-nblib/netbeans-eventspy.jar clean install
java_class_path (initial): /snap/netbeans/35/netbeans/java/maven/boot/plexus-classworlds-2.6.0.jar
Launcher Type: SUN_STANDARD

[Global flags]
     intx CICompilerCount                          = 3                                         {product} {ergonomic}
     uint ConcGCThreads                            = 1                                         {product} {ergonomic}
     uint G1ConcRefinementThreads                  = 4                                         {product} {ergonomic}
   size_t G1HeapRegionSize                         = 1048576                                   {product} {ergonomic}
    uintx GCDrainStackTargetSize                   = 64                                        {product} {ergonomic}
   size_t InitialHeapSize                          = 195035136                                 {product} {ergonomic}
   size_t MarkStackSize                            = 4194304                                   {product} {ergonomic}
   size_t MaxHeapSize                              = 3112173568                                {product} {ergonomic}
   size_t MaxNewSize                               = 1866465280                                {product} {ergonomic}
   size_t MinHeapDeltaBytes                        = 1048576                                   {product} {ergonomic}
    uintx NonNMethodCodeHeapSize                   = 5830732                                {pd product} {ergonomic}
    uintx NonProfiledCodeHeapSize                  = 122913754                              {pd product} {ergonomic}
    uintx ProfiledCodeHeapSize                     = 122913754                              {pd product} {ergonomic}
    uintx ReservedCodeCacheSize                    = 251658240                              {pd product} {ergonomic}
     bool SegmentedCodeCache                       = true                                      {product} {ergonomic}
     bool UseCompressedClassPointers               = true                                 {lp64_product} {ergonomic}
     bool UseCompressedOops                        = true                                 {lp64_product} {ergonomic}
     bool UseG1GC                                  = true                                      {product} {ergonomic}

Logging:
Log output configuration:
 #0: stdout all=warning uptime,level,tags
 #1: stderr all=off uptime,level,tags

Environment Variables:
JAVA_HOME=/usr/lib/jvm/java-11-openjdk-amd64
PATH=/usr/local/sbin:/usr/local/bin:/usr/sbin:/usr/bin:/sbin:/bin:/usr/games:/usr/local/games:/snap/bin
USERNAME=james
SHELL=/bin/bash
DISPLAY=:0
LANG=en_US.UTF-8

Signal Handlers:
SIGSEGV: [libjvm.so+0xd8e010], sa_mask[0]=11111111011111111101111111111110, sa_flags=SA_RESTART|SA_SIGINFO
SIGBUS: [libjvm.so+0xd8e010], sa_mask[0]=11111111011111111101111111111110, sa_flags=SA_RESTART|SA_SIGINFO
SIGFPE: [libjvm.so+0xd8e010], sa_mask[0]=11111111011111111101111111111110, sa_flags=SA_RESTART|SA_SIGINFO
SIGPIPE: [libjvm.so+0xb86b30], sa_mask[0]=11111111011111111101111111111110, sa_flags=SA_RESTART|SA_SIGINFO
SIGXFSZ: [libjvm.so+0xb86b30], sa_mask[0]=11111111011111111101111111111110, sa_flags=SA_RESTART|SA_SIGINFO
SIGILL: [libjvm.so+0xd8e010], sa_mask[0]=11111111011111111101111111111110, sa_flags=SA_RESTART|SA_SIGINFO
SIGUSR2: [libjvm.so+0xb869d0], sa_mask[0]=00100000000000000000000000000000, sa_flags=SA_RESTART|SA_SIGINFO
SIGHUP: [libjvm.so+0xb86e70], sa_mask[0]=11111111011111111101111111111110, sa_flags=SA_RESTART|SA_SIGINFO
SIGINT: SIG_IGN, sa_mask[0]=00000000000000000000000000000000, sa_flags=none
SIGTERM: [libjvm.so+0xb86e70], sa_mask[0]=11111111011111111101111111111110, sa_flags=SA_RESTART|SA_SIGINFO
SIGQUIT: [libjvm.so+0xb86e70], sa_mask[0]=11111111011111111101111111111110, sa_flags=SA_RESTART|SA_SIGINFO


---------------  S Y S T E M  ---------------

OS:DISTRIB_ID=Ubuntu
DISTRIB_RELEASE=20.04
DISTRIB_CODENAME=focal
DISTRIB_DESCRIPTION="Ubuntu 20.04.1 LTS"
uname:Linux 5.4.0-48-generic #52-Ubuntu SMP Thu Sep 10 10:58:49 UTC 2020 x86_64
OS uptime: 1 days 1:20 hours
libc:glibc 2.31 NPTL 2.31 
rlimit (soft/hard): STACK 8192k/infinity , CORE 0k/infinity , NPROC 47248/47248 , NOFILE 1048576/1048576 , AS infinity/infinity , CPU infinity/infinity , DATA infinity/infinity , FSIZE infinity/infinity , MEMLOCK 65536k/65536k
load average:1.15 1.09 1.08

/proc/meminfo:
MemTotal:       12152112 kB
MemFree:          485592 kB
MemAvailable:    5155364 kB
Buffers:          697420 kB
Cached:          4402352 kB
SwapCached:            0 kB
Active:          8083192 kB
Inactive:        2832008 kB
Active(anon):    6017680 kB
Inactive(anon):   179444 kB
Active(file):    2065512 kB
Inactive(file):  2652564 kB
Unevictable:      209896 kB
Mlocked:              40 kB
SwapTotal:      12581884 kB
SwapFree:       12581884 kB
Dirty:              2508 kB
Writeback:             0 kB
AnonPages:       6025516 kB
Mapped:           866232 kB
Shmem:            392488 kB
KReclaimable:     276648 kB
Slab:             419084 kB
SReclaimable:     276648 kB
SUnreclaim:       142436 kB
KernelStack:       19296 kB
PageTables:        41492 kB
NFS_Unstable:          0 kB
Bounce:                0 kB
WritebackTmp:          0 kB
CommitLimit:    18657940 kB
Committed_AS:   12000780 kB
VmallocTotal:   34359738367 kB
VmallocUsed:       39740 kB
VmallocChunk:          0 kB
Percpu:             3536 kB
HardwareCorrupted:     0 kB
AnonHugePages:         0 kB
ShmemHugePages:        0 kB
ShmemPmdMapped:        0 kB
FileHugePages:         0 kB
FilePmdMapped:         0 kB
CmaTotal:              0 kB
CmaFree:               0 kB
HugePages_Total:       0
HugePages_Free:        0
HugePages_Rsvd:        0
HugePages_Surp:        0
Hugepagesize:       2048 kB
Hugetlb:               0 kB
DirectMap4k:      347764 kB
DirectMap2M:    12118016 kB
DirectMap1G:           0 kB

/sys/kernel/mm/transparent_hugepage/enabled:
always [madvise] never

/sys/kernel/mm/transparent_hugepage/defrag (defrag/compaction efforts parameter):
always defer defer+madvise [madvise] never


/proc/sys/kernel/threads-max (system-wide limit on the number of threads):
94497


/proc/sys/vm/max_map_count (maximum number of memory map areas a process may have):
65530


/proc/sys/kernel/pid_max (system-wide limit on number of process identifiers):
4194304



container (cgroup) information:
container_type: cgroupv1
cpu_cpuset_cpus: 0-3
cpu_memory_nodes: 0
active_processor_count: 4
cpu_quota: -1
cpu_period: 100000
cpu_shares: -1
memory_limit_in_bytes: -1
memory_and_swap_limit_in_bytes: -2
memory_soft_limit_in_bytes: -1
memory_usage_in_bytes: 9458434048
memory_max_usage_in_bytes: 9558425600

Steal ticks since vm start: 0
Steal ticks percentage since vm start:  0.000

CPU:total 4 (initial active 4) (2 cores per cpu, 2 threads per core) family 6 model 142 stepping 9, cmov, cx8, fxsr, mmx, sse, sse2, sse3, ssse3, sse4.1, sse4.2, popcnt, avx, avx2, aes, clmul, erms, 3dnowpref, lzcnt, ht, tsc, tscinvbit, bmi1, bmi2, adx, fma
CPU Model and flags from /proc/cpuinfo:
model name	: Intel(R) Core(TM) i5-7200U CPU @ 2.50GHz
flags		: fpu vme de pse tsc msr pae mce cx8 apic sep mtrr pge mca cmov pat pse36 clflush dts acpi mmx fxsr sse sse2 ss ht tm pbe syscall nx pdpe1gb rdtscp lm constant_tsc art arch_perfmon pebs bts rep_good nopl xtopology nonstop_tsc cpuid aperfmperf pni pclmulqdq dtes64 monitor ds_cpl vmx est tm2 ssse3 sdbg fma cx16 xtpr pdcm pcid sse4_1 sse4_2 x2apic movbe popcnt tsc_deadline_timer aes xsave avx f16c rdrand lahf_lm abm 3dnowprefetch cpuid_fault epb invpcid_single pti ssbd ibrs ibpb stibp tpr_shadow vnmi flexpriority ept vpid ept_ad fsgsbase tsc_adjust bmi1 avx2 smep bmi2 erms invpcid mpx rdseed adx smap clflushopt intel_pt xsaveopt xsavec xgetbv1 xsaves dtherm ida arat pln pts hwp hwp_notify hwp_act_window hwp_epp md_clear flush_l1d

Memory: 4k page, physical 12152112k(485592k free), swap 12581884k(12581884k free)

vm_info: OpenJDK 64-Bit Server VM (11.0.8+10-post-Ubuntu-0ubuntu120.04) for linux-amd64 JRE (11.0.8+10-post-Ubuntu-0ubuntu120.04), built on Jul 15 2020 20:45:24 by "unknown" with gcc 9.3.0

END.
